{"D:\\project\\echoLift\\server\\app.js": {"path":"D:\\project\\echoLift\\server\\app.js","statementMap":{"0":{"start":{"line":1,"column":16},"end":{"line":1,"column":34}},"1":{"start":{"line":2,"column":13},"end":{"line":2,"column":28}},"2":{"start":{"line":3,"column":17},"end":{"line":3,"column":37}},"3":{"start":{"line":4,"column":17},"end":{"line":4,"column":36}},"4":{"start":{"line":5,"column":15},"end":{"line":5,"column":32}},"5":{"start":{"line":6,"column":13},"end":{"line":6,"column":28}},"6":{"start":{"line":7,"column":15},"end":{"line":7,"column":32}},"7":{"start":{"line":8,"column":21},"end":{"line":8,"column":45}},"8":{"start":{"line":9,"column":13},"end":{"line":9,"column":28}},"9":{"start":{"line":10,"column":19},"end":{"line":10,"column":41}},"10":{"start":{"line":12,"column":19},"end":{"line":12,"column":49}},"11":{"start":{"line":13,"column":19},"end":{"line":13,"column":49}},"12":{"start":{"line":14,"column":19},"end":{"line":14,"column":49}},"13":{"start":{"line":15,"column":22},"end":{"line":15,"column":55}},"14":{"start":{"line":16,"column":21},"end":{"line":16,"column":53}},"15":{"start":{"line":17,"column":28},"end":{"line":17,"column":61}},"16":{"start":{"line":18,"column":16},"end":{"line":18,"column":35}},"17":{"start":{"line":20,"column":0},"end":{"line":20,"column":16}},"18":{"start":{"line":22,"column":12},"end":{"line":22,"column":21}},"19":{"start":{"line":23,"column":15},"end":{"line":23,"column":37}},"20":{"start":{"line":24,"column":11},"end":{"line":31,"column":2}},"21":{"start":{"line":33,"column":0},"end":{"line":33,"column":24}},"22":{"start":{"line":34,"column":0},"end":{"line":34,"column":27}},"23":{"start":{"line":35,"column":0},"end":{"line":35,"column":51}},"24":{"start":{"line":36,"column":0},"end":{"line":36,"column":48}},"25":{"start":{"line":37,"column":0},"end":{"line":37,"column":18}},"26":{"start":{"line":38,"column":0},"end":{"line":38,"column":24}},"27":{"start":{"line":39,"column":0},"end":{"line":42,"column":4}},"28":{"start":{"line":44,"column":0},"end":{"line":44,"column":69}},"29":{"start":{"line":46,"column":0},"end":{"line":46,"column":34}},"30":{"start":{"line":47,"column":0},"end":{"line":47,"column":33}},"31":{"start":{"line":48,"column":0},"end":{"line":48,"column":34}},"32":{"start":{"line":49,"column":0},"end":{"line":49,"column":39}},"33":{"start":{"line":50,"column":0},"end":{"line":50,"column":37}},"34":{"start":{"line":51,"column":0},"end":{"line":51,"column":51}},"35":{"start":{"line":53,"column":0},"end":{"line":58,"column":66}},"36":{"start":{"line":57,"column":16},"end":{"line":57,"column":48}},"37":{"start":{"line":58,"column":20},"end":{"line":58,"column":64}},"38":{"start":{"line":60,"column":0},"end":{"line":64,"column":3}},"39":{"start":{"line":61,"column":18},"end":{"line":61,"column":35}},"40":{"start":{"line":62,"column":4},"end":{"line":62,"column":42}},"41":{"start":{"line":63,"column":4},"end":{"line":63,"column":45}},"42":{"start":{"line":67,"column":0},"end":{"line":87,"column":3}},"43":{"start":{"line":68,"column":4},"end":{"line":68,"column":51}},"44":{"start":{"line":70,"column":4},"end":{"line":78,"column":7}},"45":{"start":{"line":71,"column":8},"end":{"line":74,"column":9}},"46":{"start":{"line":72,"column":12},"end":{"line":72,"column":44}},"47":{"start":{"line":73,"column":12},"end":{"line":73,"column":19}},"48":{"start":{"line":76,"column":8},"end":{"line":76,"column":44}},"49":{"start":{"line":77,"column":8},"end":{"line":77,"column":39}},"50":{"start":{"line":80,"column":4},"end":{"line":82,"column":7}},"51":{"start":{"line":81,"column":8},"end":{"line":81,"column":64}},"52":{"start":{"line":84,"column":4},"end":{"line":86,"column":7}},"53":{"start":{"line":85,"column":8},"end":{"line":85,"column":43}},"54":{"start":{"line":89,"column":13},"end":{"line":89,"column":37}},"55":{"start":{"line":90,"column":0},"end":{"line":94,"column":1}},"56":{"start":{"line":91,"column":4},"end":{"line":93,"column":7}},"57":{"start":{"line":92,"column":8},"end":{"line":92,"column":46}},"58":{"start":{"line":100,"column":0},"end":{"line":100,"column":29}}},"fnMap":{"0":{"name":"(anonymous_0)","decl":{"start":{"line":57,"column":10},"end":{"line":57,"column":11}},"loc":{"start":{"line":57,"column":16},"end":{"line":57,"column":48}},"line":57},"1":{"name":"(anonymous_1)","decl":{"start":{"line":58,"column":11},"end":{"line":58,"column":12}},"loc":{"start":{"line":58,"column":20},"end":{"line":58,"column":64}},"line":58},"2":{"name":"(anonymous_2)","decl":{"start":{"line":60,"column":13},"end":{"line":60,"column":14}},"loc":{"start":{"line":60,"column":27},"end":{"line":64,"column":1}},"line":60},"3":{"name":"(anonymous_3)","decl":{"start":{"line":67,"column":20},"end":{"line":67,"column":21}},"loc":{"start":{"line":67,"column":32},"end":{"line":87,"column":1}},"line":67},"4":{"name":"(anonymous_4)","decl":{"start":{"line":70,"column":22},"end":{"line":70,"column":23}},"loc":{"start":{"line":70,"column":34},"end":{"line":78,"column":5}},"line":70},"5":{"name":"(anonymous_5)","decl":{"start":{"line":80,"column":34},"end":{"line":80,"column":35}},"loc":{"start":{"line":80,"column":52},"end":{"line":82,"column":5}},"line":80},"6":{"name":"(anonymous_6)","decl":{"start":{"line":84,"column":28},"end":{"line":84,"column":29}},"loc":{"start":{"line":84,"column":34},"end":{"line":86,"column":5}},"line":84},"7":{"name":"(anonymous_7)","decl":{"start":{"line":91,"column":24},"end":{"line":91,"column":25}},"loc":{"start":{"line":91,"column":30},"end":{"line":93,"column":5}},"line":91}},"branchMap":{"0":{"loc":{"start":{"line":71,"column":8},"end":{"line":74,"column":9}},"type":"if","locations":[{"start":{"line":71,"column":8},"end":{"line":74,"column":9}},{"start":{},"end":{}}],"line":71},"1":{"loc":{"start":{"line":89,"column":13},"end":{"line":89,"column":37}},"type":"binary-expr","locations":[{"start":{"line":89,"column":13},"end":{"line":89,"column":29}},{"start":{"line":89,"column":33},"end":{"line":89,"column":37}}],"line":89},"2":{"loc":{"start":{"line":90,"column":0},"end":{"line":94,"column":1}},"type":"if","locations":[{"start":{"line":90,"column":0},"end":{"line":94,"column":1}},{"start":{},"end":{}}],"line":90}},"s":{"0":1,"1":1,"2":1,"3":1,"4":1,"5":1,"6":1,"7":1,"8":1,"9":1,"10":1,"11":1,"12":1,"13":1,"14":1,"15":1,"16":1,"17":1,"18":1,"19":1,"20":1,"21":1,"22":1,"23":1,"24":1,"25":1,"26":1,"27":1,"28":1,"29":1,"30":1,"31":1,"32":1,"33":1,"34":1,"35":1,"36":1,"37":0,"38":1,"39":0,"40":0,"41":0,"42":1,"43":0,"44":0,"45":0,"46":0,"47":0,"48":0,"49":0,"50":0,"51":0,"52":0,"53":0,"54":1,"55":1,"56":0,"57":0,"58":1},"f":{"0":1,"1":0,"2":0,"3":0,"4":0,"5":0,"6":0,"7":0},"b":{"0":[0,0],"1":[1,1],"2":[0,1]},"_coverageSchema":"1a1c01bbd47fc00a2c39e90264f33305004495a9","hash":"c1e5097df32926bcf758a80bff5fc11119c1f007"}
,"D:\\project\\echoLift\\server\\Apis\\Feed.api.js": {"path":"D:\\project\\echoLift\\server\\Apis\\Feed.api.js","statementMap":{"0":{"start":{"line":1,"column":16},"end":{"line":1,"column":34}},"1":{"start":{"line":2,"column":36},"end":{"line":2,"column":64}},"2":{"start":{"line":3,"column":12},"end":{"line":3,"column":35}},"3":{"start":{"line":4,"column":13},"end":{"line":4,"column":39}},"4":{"start":{"line":5,"column":13},"end":{"line":5,"column":44}},"5":{"start":{"line":6,"column":15},"end":{"line":6,"column":31}},"6":{"start":{"line":9,"column":24},"end":{"line":24,"column":1}},"7":{"start":{"line":10,"column":23},"end":{"line":10,"column":50}},"8":{"start":{"line":11,"column":4},"end":{"line":13,"column":5}},"9":{"start":{"line":12,"column":8},"end":{"line":12,"column":101}},"10":{"start":{"line":15,"column":18},"end":{"line":15,"column":51}},"11":{"start":{"line":17,"column":4},"end":{"line":23,"column":5}},"12":{"start":{"line":18,"column":24},"end":{"line":18,"column":65}},"13":{"start":{"line":19,"column":8},"end":{"line":19,"column":27}},"14":{"start":{"line":20,"column":8},"end":{"line":20,"column":15}},"15":{"start":{"line":22,"column":8},"end":{"line":22,"column":70}},"16":{"start":{"line":27,"column":22},"end":{"line":49,"column":1}},"17":{"start":{"line":28,"column":19},"end":{"line":28,"column":40}},"18":{"start":{"line":29,"column":4},"end":{"line":31,"column":5}},"19":{"start":{"line":30,"column":8},"end":{"line":30,"column":64}},"20":{"start":{"line":33,"column":17},"end":{"line":33,"column":46}},"21":{"start":{"line":34,"column":18},"end":{"line":34,"column":49}},"22":{"start":{"line":35,"column":17},"end":{"line":35,"column":35}},"23":{"start":{"line":37,"column":4},"end":{"line":48,"column":5}},"24":{"start":{"line":38,"column":22},"end":{"line":42,"column":43}},"25":{"start":{"line":44,"column":8},"end":{"line":44,"column":24}},"26":{"start":{"line":46,"column":8},"end":{"line":46,"column":59}},"27":{"start":{"line":47,"column":8},"end":{"line":47,"column":55}},"28":{"start":{"line":52,"column":25},"end":{"line":80,"column":1}},"29":{"start":{"line":53,"column":19},"end":{"line":53,"column":40}},"30":{"start":{"line":54,"column":4},"end":{"line":56,"column":5}},"31":{"start":{"line":55,"column":8},"end":{"line":55,"column":64}},"32":{"start":{"line":58,"column":17},"end":{"line":58,"column":46}},"33":{"start":{"line":59,"column":18},"end":{"line":59,"column":49}},"34":{"start":{"line":60,"column":17},"end":{"line":60,"column":35}},"35":{"start":{"line":62,"column":4},"end":{"line":79,"column":5}},"36":{"start":{"line":63,"column":21},"end":{"line":63,"column":75}},"37":{"start":{"line":64,"column":8},"end":{"line":66,"column":9}},"38":{"start":{"line":65,"column":12},"end":{"line":65,"column":71}},"39":{"start":{"line":67,"column":29},"end":{"line":67,"column":69}},"40":{"start":{"line":67,"column":58},"end":{"line":67,"column":68}},"41":{"start":{"line":68,"column":8},"end":{"line":68,"column":52}},"42":{"start":{"line":69,"column":22},"end":{"line":73,"column":43}},"43":{"start":{"line":75,"column":8},"end":{"line":75,"column":24}},"44":{"start":{"line":77,"column":8},"end":{"line":77,"column":61}},"45":{"start":{"line":78,"column":8},"end":{"line":78,"column":55}},"46":{"start":{"line":84,"column":0},"end":{"line":84,"column":70}}},"fnMap":{"0":{"name":"(anonymous_0)","decl":{"start":{"line":9,"column":24},"end":{"line":9,"column":25}},"loc":{"start":{"line":9,"column":44},"end":{"line":24,"column":1}},"line":9},"1":{"name":"(anonymous_1)","decl":{"start":{"line":27,"column":22},"end":{"line":27,"column":23}},"loc":{"start":{"line":27,"column":42},"end":{"line":49,"column":1}},"line":27},"2":{"name":"(anonymous_2)","decl":{"start":{"line":52,"column":25},"end":{"line":52,"column":26}},"loc":{"start":{"line":52,"column":45},"end":{"line":80,"column":1}},"line":52},"3":{"name":"(anonymous_3)","decl":{"start":{"line":67,"column":48},"end":{"line":67,"column":49}},"loc":{"start":{"line":67,"column":58},"end":{"line":67,"column":68}},"line":67}},"branchMap":{"0":{"loc":{"start":{"line":11,"column":4},"end":{"line":13,"column":5}},"type":"if","locations":[{"start":{"line":11,"column":4},"end":{"line":13,"column":5}},{"start":{},"end":{}}],"line":11},"1":{"loc":{"start":{"line":11,"column":8},"end":{"line":11,"column":56}},"type":"binary-expr","locations":[{"start":{"line":11,"column":8},"end":{"line":11,"column":19}},{"start":{"line":11,"column":23},"end":{"line":11,"column":56}}],"line":11},"2":{"loc":{"start":{"line":29,"column":4},"end":{"line":31,"column":5}},"type":"if","locations":[{"start":{"line":29,"column":4},"end":{"line":31,"column":5}},{"start":{},"end":{}}],"line":29},"3":{"loc":{"start":{"line":33,"column":17},"end":{"line":33,"column":46}},"type":"binary-expr","locations":[{"start":{"line":33,"column":17},"end":{"line":33,"column":41}},{"start":{"line":33,"column":45},"end":{"line":33,"column":46}}],"line":33},"4":{"loc":{"start":{"line":34,"column":18},"end":{"line":34,"column":49}},"type":"binary-expr","locations":[{"start":{"line":34,"column":18},"end":{"line":34,"column":43}},{"start":{"line":34,"column":47},"end":{"line":34,"column":49}}],"line":34},"5":{"loc":{"start":{"line":54,"column":4},"end":{"line":56,"column":5}},"type":"if","locations":[{"start":{"line":54,"column":4},"end":{"line":56,"column":5}},{"start":{},"end":{}}],"line":54},"6":{"loc":{"start":{"line":58,"column":17},"end":{"line":58,"column":46}},"type":"binary-expr","locations":[{"start":{"line":58,"column":17},"end":{"line":58,"column":41}},{"start":{"line":58,"column":45},"end":{"line":58,"column":46}}],"line":58},"7":{"loc":{"start":{"line":59,"column":18},"end":{"line":59,"column":49}},"type":"binary-expr","locations":[{"start":{"line":59,"column":18},"end":{"line":59,"column":43}},{"start":{"line":59,"column":47},"end":{"line":59,"column":49}}],"line":59},"8":{"loc":{"start":{"line":64,"column":8},"end":{"line":66,"column":9}},"type":"if","locations":[{"start":{"line":64,"column":8},"end":{"line":66,"column":9}},{"start":{},"end":{}}],"line":64}},"s":{"0":1,"1":1,"2":1,"3":1,"4":1,"5":1,"6":1,"7":0,"8":0,"9":0,"10":0,"11":0,"12":0,"13":0,"14":0,"15":0,"16":1,"17":0,"18":0,"19":0,"20":0,"21":0,"22":0,"23":0,"24":0,"25":0,"26":0,"27":0,"28":1,"29":0,"30":0,"31":0,"32":0,"33":0,"34":0,"35":0,"36":0,"37":0,"38":0,"39":0,"40":0,"41":0,"42":0,"43":0,"44":0,"45":0,"46":1},"f":{"0":0,"1":0,"2":0,"3":0},"b":{"0":[0,0],"1":[0,0],"2":[0,0],"3":[0,0],"4":[0,0],"5":[0,0],"6":[0,0],"7":[0,0],"8":[0,0]},"_coverageSchema":"1a1c01bbd47fc00a2c39e90264f33305004495a9","hash":"9323e3a036799f4478dae9fe6357d50fbd6d0234"}
,"D:\\project\\echoLift\\server\\Apis\\Notification.api.js": {"path":"D:\\project\\echoLift\\server\\Apis\\Notification.api.js","statementMap":{"0":{"start":{"line":1,"column":21},"end":{"line":1,"column":54}},"1":{"start":{"line":2,"column":15},"end":{"line":2,"column":32}},"2":{"start":{"line":4,"column":25},"end":{"line":16,"column":1}},"3":{"start":{"line":5,"column":4},"end":{"line":15,"column":5}},"4":{"start":{"line":6,"column":30},"end":{"line":8,"column":34}},"5":{"start":{"line":9,"column":8},"end":{"line":9,"column":32}},"6":{"start":{"line":11,"column":8},"end":{"line":14,"column":11}},"7":{"start":{"line":18,"column":36},"end":{"line":25,"column":1}},"8":{"start":{"line":19,"column":4},"end":{"line":24,"column":5}},"9":{"start":{"line":20,"column":22},"end":{"line":20,"column":94}},"10":{"start":{"line":21,"column":8},"end":{"line":21,"column":28}},"11":{"start":{"line":23,"column":8},"end":{"line":23,"column":65}},"12":{"start":{"line":27,"column":19},"end":{"line":34,"column":1}},"13":{"start":{"line":28,"column":4},"end":{"line":33,"column":5}},"14":{"start":{"line":29,"column":8},"end":{"line":29,"column":76}},"15":{"start":{"line":30,"column":8},"end":{"line":30,"column":61}},"16":{"start":{"line":32,"column":8},"end":{"line":32,"column":58}},"17":{"start":{"line":36,"column":27},"end":{"line":56,"column":1}},"18":{"start":{"line":38,"column":4},"end":{"line":55,"column":5}},"19":{"start":{"line":39,"column":23},"end":{"line":39,"column":55}},"20":{"start":{"line":40,"column":8},"end":{"line":42,"column":9}},"21":{"start":{"line":41,"column":12},"end":{"line":41,"column":76}},"22":{"start":{"line":43,"column":29},"end":{"line":46,"column":10}},"23":{"start":{"line":47,"column":8},"end":{"line":47,"column":34}},"24":{"start":{"line":48,"column":8},"end":{"line":48,"column":45}},"25":{"start":{"line":49,"column":8},"end":{"line":49,"column":43}},"26":{"start":{"line":51,"column":8},"end":{"line":54,"column":11}},"27":{"start":{"line":58,"column":28},"end":{"line":86,"column":1}},"28":{"start":{"line":59,"column":4},"end":{"line":85,"column":5}},"29":{"start":{"line":61,"column":8},"end":{"line":64,"column":9}},"30":{"start":{"line":62,"column":12},"end":{"line":62,"column":69}},"31":{"start":{"line":63,"column":12},"end":{"line":63,"column":19}},"32":{"start":{"line":65,"column":23},"end":{"line":65,"column":43}},"33":{"start":{"line":66,"column":8},"end":{"line":66,"column":28}},"34":{"start":{"line":68,"column":31},"end":{"line":68,"column":48}},"35":{"start":{"line":69,"column":8},"end":{"line":69,"column":36}},"36":{"start":{"line":71,"column":8},"end":{"line":74,"column":9}},"37":{"start":{"line":72,"column":12},"end":{"line":72,"column":74}},"38":{"start":{"line":73,"column":12},"end":{"line":73,"column":19}},"39":{"start":{"line":75,"column":8},"end":{"line":75,"column":65}},"40":{"start":{"line":77,"column":8},"end":{"line":81,"column":9}},"41":{"start":{"line":78,"column":12},"end":{"line":78,"column":73}},"42":{"start":{"line":80,"column":12},"end":{"line":80,"column":74}},"43":{"start":{"line":83,"column":8},"end":{"line":83,"column":66}},"44":{"start":{"line":88,"column":27},"end":{"line":103,"column":1}},"45":{"start":{"line":89,"column":4},"end":{"line":102,"column":5}},"46":{"start":{"line":90,"column":29},"end":{"line":90,"column":71}},"47":{"start":{"line":91,"column":8},"end":{"line":93,"column":9}},"48":{"start":{"line":92,"column":12},"end":{"line":92,"column":79}},"49":{"start":{"line":95,"column":8},"end":{"line":95,"column":39}},"50":{"start":{"line":96,"column":8},"end":{"line":96,"column":54}},"51":{"start":{"line":98,"column":8},"end":{"line":101,"column":11}},"52":{"start":{"line":105,"column":0},"end":{"line":105,"column":140}}},"fnMap":{"0":{"name":"(anonymous_0)","decl":{"start":{"line":4,"column":25},"end":{"line":4,"column":26}},"loc":{"start":{"line":4,"column":45},"end":{"line":16,"column":1}},"line":4},"1":{"name":"(anonymous_1)","decl":{"start":{"line":18,"column":36},"end":{"line":18,"column":37}},"loc":{"start":{"line":18,"column":56},"end":{"line":25,"column":1}},"line":18},"2":{"name":"(anonymous_2)","decl":{"start":{"line":27,"column":19},"end":{"line":27,"column":20}},"loc":{"start":{"line":27,"column":39},"end":{"line":34,"column":1}},"line":27},"3":{"name":"(anonymous_3)","decl":{"start":{"line":36,"column":27},"end":{"line":36,"column":28}},"loc":{"start":{"line":36,"column":47},"end":{"line":56,"column":1}},"line":36},"4":{"name":"(anonymous_4)","decl":{"start":{"line":58,"column":28},"end":{"line":58,"column":29}},"loc":{"start":{"line":58,"column":49},"end":{"line":86,"column":1}},"line":58},"5":{"name":"(anonymous_5)","decl":{"start":{"line":88,"column":27},"end":{"line":88,"column":28}},"loc":{"start":{"line":88,"column":47},"end":{"line":103,"column":1}},"line":88}},"branchMap":{"0":{"loc":{"start":{"line":39,"column":23},"end":{"line":39,"column":55}},"type":"binary-expr","locations":[{"start":{"line":39,"column":23},"end":{"line":39,"column":38}},{"start":{"line":39,"column":42},"end":{"line":39,"column":55}}],"line":39},"1":{"loc":{"start":{"line":40,"column":8},"end":{"line":42,"column":9}},"type":"if","locations":[{"start":{"line":40,"column":8},"end":{"line":42,"column":9}},{"start":{},"end":{}}],"line":40},"2":{"loc":{"start":{"line":61,"column":8},"end":{"line":64,"column":9}},"type":"if","locations":[{"start":{"line":61,"column":8},"end":{"line":64,"column":9}},{"start":{},"end":{}}],"line":61},"3":{"loc":{"start":{"line":71,"column":8},"end":{"line":74,"column":9}},"type":"if","locations":[{"start":{"line":71,"column":8},"end":{"line":74,"column":9}},{"start":{},"end":{}}],"line":71},"4":{"loc":{"start":{"line":71,"column":12},"end":{"line":71,"column":36}},"type":"binary-expr","locations":[{"start":{"line":71,"column":12},"end":{"line":71,"column":19}},{"start":{"line":71,"column":23},"end":{"line":71,"column":36}}],"line":71},"5":{"loc":{"start":{"line":77,"column":8},"end":{"line":81,"column":9}},"type":"if","locations":[{"start":{"line":77,"column":8},"end":{"line":81,"column":9}},{"start":{"line":79,"column":15},"end":{"line":81,"column":9}}],"line":77},"6":{"loc":{"start":{"line":77,"column":12},"end":{"line":77,"column":23}},"type":"binary-expr","locations":[{"start":{"line":77,"column":12},"end":{"line":77,"column":14}},{"start":{"line":77,"column":18},"end":{"line":77,"column":23}}],"line":77},"7":{"loc":{"start":{"line":91,"column":8},"end":{"line":93,"column":9}},"type":"if","locations":[{"start":{"line":91,"column":8},"end":{"line":93,"column":9}},{"start":{},"end":{}}],"line":91}},"s":{"0":1,"1":1,"2":1,"3":0,"4":0,"5":0,"6":0,"7":1,"8":0,"9":0,"10":0,"11":0,"12":1,"13":0,"14":0,"15":0,"16":0,"17":1,"18":0,"19":0,"20":0,"21":0,"22":0,"23":0,"24":0,"25":0,"26":0,"27":1,"28":0,"29":0,"30":0,"31":0,"32":0,"33":0,"34":0,"35":0,"36":0,"37":0,"38":0,"39":0,"40":0,"41":0,"42":0,"43":0,"44":1,"45":0,"46":0,"47":0,"48":0,"49":0,"50":0,"51":0,"52":1},"f":{"0":0,"1":0,"2":0,"3":0,"4":0,"5":0},"b":{"0":[0,0],"1":[0,0],"2":[0,0],"3":[0,0],"4":[0,0],"5":[0,0],"6":[0,0],"7":[0,0]},"_coverageSchema":"1a1c01bbd47fc00a2c39e90264f33305004495a9","hash":"9690825eff37a61288f08717dfd3d89c0ba30664"}
,"D:\\project\\echoLift\\server\\Apis\\Post.api.js": {"path":"D:\\project\\echoLift\\server\\Apis\\Post.api.js","statementMap":{"0":{"start":{"line":1,"column":13},"end":{"line":1,"column":39}},"1":{"start":{"line":2,"column":13},"end":{"line":2,"column":44}},"2":{"start":{"line":3,"column":29},"end":{"line":3,"column":65}},"3":{"start":{"line":4,"column":17},"end":{"line":4,"column":36}},"4":{"start":{"line":7,"column":19},"end":{"line":47,"column":1}},"5":{"start":{"line":8,"column":4},"end":{"line":46,"column":5}},"6":{"start":{"line":9,"column":104},"end":{"line":9,"column":112}},"7":{"start":{"line":11,"column":8},"end":{"line":13,"column":9}},"8":{"start":{"line":11,"column":83},"end":{"line":11,"column":101}},"9":{"start":{"line":12,"column":12},"end":{"line":12,"column":139}},"10":{"start":{"line":15,"column":21},"end":{"line":15,"column":48}},"11":{"start":{"line":16,"column":8},"end":{"line":18,"column":9}},"12":{"start":{"line":17,"column":12},"end":{"line":17,"column":69}},"13":{"start":{"line":21,"column":23},"end":{"line":21,"column":28}},"14":{"start":{"line":23,"column":8},"end":{"line":29,"column":9}},"15":{"start":{"line":24,"column":12},"end":{"line":24,"column":42}},"16":{"start":{"line":25,"column":33},"end":{"line":25,"column":65}},"17":{"start":{"line":26,"column":12},"end":{"line":28,"column":13}},"18":{"start":{"line":27,"column":16},"end":{"line":27,"column":32}},"19":{"start":{"line":31,"column":24},"end":{"line":40,"column":10}},"20":{"start":{"line":42,"column":8},"end":{"line":42,"column":29}},"21":{"start":{"line":43,"column":8},"end":{"line":43,"column":38}},"22":{"start":{"line":45,"column":8},"end":{"line":45,"column":55}},"23":{"start":{"line":50,"column":16},"end":{"line":69,"column":1}},"24":{"start":{"line":51,"column":4},"end":{"line":68,"column":5}},"25":{"start":{"line":52,"column":27},"end":{"line":52,"column":37}},"26":{"start":{"line":53,"column":8},"end":{"line":55,"column":9}},"27":{"start":{"line":54,"column":12},"end":{"line":54,"column":69}},"28":{"start":{"line":57,"column":21},"end":{"line":57,"column":86}},"29":{"start":{"line":59,"column":8},"end":{"line":61,"column":9}},"30":{"start":{"line":60,"column":12},"end":{"line":60,"column":69}},"31":{"start":{"line":63,"column":8},"end":{"line":63,"column":81}},"32":{"start":{"line":65,"column":8},"end":{"line":65,"column":35}},"33":{"start":{"line":67,"column":8},"end":{"line":67,"column":55}},"34":{"start":{"line":72,"column":19},"end":{"line":97,"column":1}},"35":{"start":{"line":73,"column":4},"end":{"line":96,"column":5}},"36":{"start":{"line":74,"column":27},"end":{"line":74,"column":37}},"37":{"start":{"line":75,"column":87},"end":{"line":75,"column":95}},"38":{"start":{"line":77,"column":8},"end":{"line":79,"column":9}},"39":{"start":{"line":77,"column":66},"end":{"line":77,"column":84}},"40":{"start":{"line":78,"column":12},"end":{"line":78,"column":139}},"41":{"start":{"line":81,"column":28},"end":{"line":87,"column":32}},"42":{"start":{"line":89,"column":8},"end":{"line":91,"column":9}},"43":{"start":{"line":90,"column":12},"end":{"line":90,"column":69}},"44":{"start":{"line":93,"column":8},"end":{"line":93,"column":42}},"45":{"start":{"line":95,"column":8},"end":{"line":95,"column":55}},"46":{"start":{"line":100,"column":19},"end":{"line":117,"column":1}},"47":{"start":{"line":101,"column":4},"end":{"line":116,"column":5}},"48":{"start":{"line":102,"column":27},"end":{"line":102,"column":37}},"49":{"start":{"line":103,"column":8},"end":{"line":105,"column":9}},"50":{"start":{"line":104,"column":12},"end":{"line":104,"column":69}},"51":{"start":{"line":107,"column":28},"end":{"line":107,"column":71}},"52":{"start":{"line":109,"column":8},"end":{"line":111,"column":9}},"53":{"start":{"line":110,"column":12},"end":{"line":110,"column":69}},"54":{"start":{"line":113,"column":8},"end":{"line":113,"column":71}},"55":{"start":{"line":115,"column":8},"end":{"line":115,"column":55}},"56":{"start":{"line":120,"column":27},"end":{"line":144,"column":1}},"57":{"start":{"line":121,"column":4},"end":{"line":143,"column":5}},"58":{"start":{"line":122,"column":27},"end":{"line":122,"column":37}},"59":{"start":{"line":123,"column":48},"end":{"line":123,"column":56}},"60":{"start":{"line":125,"column":23},"end":{"line":133,"column":9}},"61":{"start":{"line":135,"column":28},"end":{"line":135,"column":94}},"62":{"start":{"line":136,"column":8},"end":{"line":138,"column":9}},"63":{"start":{"line":137,"column":12},"end":{"line":137,"column":69}},"64":{"start":{"line":140,"column":8},"end":{"line":140,"column":52}},"65":{"start":{"line":142,"column":8},"end":{"line":142,"column":55}},"66":{"start":{"line":147,"column":25},"end":{"line":171,"column":1}},"67":{"start":{"line":148,"column":4},"end":{"line":170,"column":5}},"68":{"start":{"line":149,"column":27},"end":{"line":149,"column":37}},"69":{"start":{"line":150,"column":27},"end":{"line":150,"column":35}},"70":{"start":{"line":152,"column":21},"end":{"line":152,"column":48}},"71":{"start":{"line":153,"column":8},"end":{"line":155,"column":9}},"72":{"start":{"line":154,"column":12},"end":{"line":154,"column":69}},"73":{"start":{"line":157,"column":23},"end":{"line":160,"column":9}},"74":{"start":{"line":162,"column":28},"end":{"line":162,"column":94}},"75":{"start":{"line":163,"column":8},"end":{"line":165,"column":9}},"76":{"start":{"line":164,"column":12},"end":{"line":164,"column":69}},"77":{"start":{"line":167,"column":8},"end":{"line":167,"column":79}},"78":{"start":{"line":169,"column":8},"end":{"line":169,"column":55}},"79":{"start":{"line":174,"column":28},"end":{"line":193,"column":1}},"80":{"start":{"line":175,"column":4},"end":{"line":192,"column":5}},"81":{"start":{"line":176,"column":27},"end":{"line":176,"column":37}},"82":{"start":{"line":177,"column":27},"end":{"line":177,"column":35}},"83":{"start":{"line":179,"column":23},"end":{"line":182,"column":9}},"84":{"start":{"line":184,"column":28},"end":{"line":184,"column":94}},"85":{"start":{"line":185,"column":8},"end":{"line":187,"column":9}},"86":{"start":{"line":186,"column":12},"end":{"line":186,"column":69}},"87":{"start":{"line":189,"column":8},"end":{"line":189,"column":80}},"88":{"start":{"line":191,"column":8},"end":{"line":191,"column":55}},"89":{"start":{"line":196,"column":21},"end":{"line":220,"column":1}},"90":{"start":{"line":197,"column":4},"end":{"line":219,"column":5}},"91":{"start":{"line":198,"column":27},"end":{"line":198,"column":37}},"92":{"start":{"line":199,"column":27},"end":{"line":199,"column":35}},"93":{"start":{"line":201,"column":21},"end":{"line":201,"column":48}},"94":{"start":{"line":202,"column":8},"end":{"line":204,"column":9}},"95":{"start":{"line":203,"column":12},"end":{"line":203,"column":69}},"96":{"start":{"line":206,"column":23},"end":{"line":209,"column":9}},"97":{"start":{"line":211,"column":28},"end":{"line":211,"column":94}},"98":{"start":{"line":212,"column":8},"end":{"line":214,"column":9}},"99":{"start":{"line":213,"column":12},"end":{"line":213,"column":69}},"100":{"start":{"line":216,"column":8},"end":{"line":216,"column":74}},"101":{"start":{"line":218,"column":8},"end":{"line":218,"column":55}},"102":{"start":{"line":223,"column":23},"end":{"line":242,"column":1}},"103":{"start":{"line":224,"column":4},"end":{"line":241,"column":5}},"104":{"start":{"line":225,"column":27},"end":{"line":225,"column":37}},"105":{"start":{"line":226,"column":27},"end":{"line":226,"column":35}},"106":{"start":{"line":228,"column":23},"end":{"line":231,"column":9}},"107":{"start":{"line":233,"column":28},"end":{"line":233,"column":94}},"108":{"start":{"line":234,"column":8},"end":{"line":236,"column":9}},"109":{"start":{"line":235,"column":12},"end":{"line":235,"column":69}},"110":{"start":{"line":238,"column":8},"end":{"line":238,"column":76}},"111":{"start":{"line":240,"column":8},"end":{"line":240,"column":55}},"112":{"start":{"line":245,"column":27},"end":{"line":269,"column":1}},"113":{"start":{"line":246,"column":4},"end":{"line":268,"column":5}},"114":{"start":{"line":247,"column":27},"end":{"line":247,"column":37}},"115":{"start":{"line":248,"column":27},"end":{"line":248,"column":35}},"116":{"start":{"line":250,"column":21},"end":{"line":250,"column":48}},"117":{"start":{"line":251,"column":8},"end":{"line":253,"column":9}},"118":{"start":{"line":252,"column":12},"end":{"line":252,"column":69}},"119":{"start":{"line":255,"column":23},"end":{"line":258,"column":9}},"120":{"start":{"line":260,"column":28},"end":{"line":260,"column":94}},"121":{"start":{"line":261,"column":8},"end":{"line":263,"column":9}},"122":{"start":{"line":262,"column":12},"end":{"line":262,"column":69}},"123":{"start":{"line":265,"column":8},"end":{"line":265,"column":71}},"124":{"start":{"line":267,"column":8},"end":{"line":267,"column":55}},"125":{"start":{"line":271,"column":0},"end":{"line":282,"column":2}}},"fnMap":{"0":{"name":"(anonymous_0)","decl":{"start":{"line":7,"column":19},"end":{"line":7,"column":20}},"loc":{"start":{"line":7,"column":39},"end":{"line":47,"column":1}},"line":7},"1":{"name":"(anonymous_1)","decl":{"start":{"line":11,"column":74},"end":{"line":11,"column":75}},"loc":{"start":{"line":11,"column":83},"end":{"line":11,"column":101}},"line":11},"2":{"name":"(anonymous_2)","decl":{"start":{"line":50,"column":16},"end":{"line":50,"column":17}},"loc":{"start":{"line":50,"column":36},"end":{"line":69,"column":1}},"line":50},"3":{"name":"(anonymous_3)","decl":{"start":{"line":72,"column":19},"end":{"line":72,"column":20}},"loc":{"start":{"line":72,"column":39},"end":{"line":97,"column":1}},"line":72},"4":{"name":"(anonymous_4)","decl":{"start":{"line":77,"column":57},"end":{"line":77,"column":58}},"loc":{"start":{"line":77,"column":66},"end":{"line":77,"column":84}},"line":77},"5":{"name":"(anonymous_5)","decl":{"start":{"line":100,"column":19},"end":{"line":100,"column":20}},"loc":{"start":{"line":100,"column":39},"end":{"line":117,"column":1}},"line":100},"6":{"name":"(anonymous_6)","decl":{"start":{"line":120,"column":27},"end":{"line":120,"column":28}},"loc":{"start":{"line":120,"column":47},"end":{"line":144,"column":1}},"line":120},"7":{"name":"(anonymous_7)","decl":{"start":{"line":147,"column":25},"end":{"line":147,"column":26}},"loc":{"start":{"line":147,"column":45},"end":{"line":171,"column":1}},"line":147},"8":{"name":"(anonymous_8)","decl":{"start":{"line":174,"column":28},"end":{"line":174,"column":29}},"loc":{"start":{"line":174,"column":48},"end":{"line":193,"column":1}},"line":174},"9":{"name":"(anonymous_9)","decl":{"start":{"line":196,"column":21},"end":{"line":196,"column":22}},"loc":{"start":{"line":196,"column":41},"end":{"line":220,"column":1}},"line":196},"10":{"name":"(anonymous_10)","decl":{"start":{"line":223,"column":23},"end":{"line":223,"column":24}},"loc":{"start":{"line":223,"column":43},"end":{"line":242,"column":1}},"line":223},"11":{"name":"(anonymous_11)","decl":{"start":{"line":245,"column":27},"end":{"line":245,"column":28}},"loc":{"start":{"line":245,"column":47},"end":{"line":269,"column":1}},"line":245}},"branchMap":{"0":{"loc":{"start":{"line":11,"column":8},"end":{"line":13,"column":9}},"type":"if","locations":[{"start":{"line":11,"column":8},"end":{"line":13,"column":9}},{"start":{},"end":{}}],"line":11},"1":{"loc":{"start":{"line":11,"column":12},"end":{"line":11,"column":103}},"type":"binary-expr","locations":[{"start":{"line":11,"column":12},"end":{"line":11,"column":24}},{"start":{"line":11,"column":29},"end":{"line":11,"column":52}},{"start":{"line":11,"column":56},"end":{"line":11,"column":102}}],"line":11},"2":{"loc":{"start":{"line":16,"column":8},"end":{"line":18,"column":9}},"type":"if","locations":[{"start":{"line":16,"column":8},"end":{"line":18,"column":9}},{"start":{},"end":{}}],"line":16},"3":{"loc":{"start":{"line":26,"column":12},"end":{"line":28,"column":13}},"type":"if","locations":[{"start":{"line":26,"column":12},"end":{"line":28,"column":13}},{"start":{},"end":{}}],"line":26},"4":{"loc":{"start":{"line":53,"column":8},"end":{"line":55,"column":9}},"type":"if","locations":[{"start":{"line":53,"column":8},"end":{"line":55,"column":9}},{"start":{},"end":{}}],"line":53},"5":{"loc":{"start":{"line":59,"column":8},"end":{"line":61,"column":9}},"type":"if","locations":[{"start":{"line":59,"column":8},"end":{"line":61,"column":9}},{"start":{},"end":{}}],"line":59},"6":{"loc":{"start":{"line":77,"column":8},"end":{"line":79,"column":9}},"type":"if","locations":[{"start":{"line":77,"column":8},"end":{"line":79,"column":9}},{"start":{},"end":{}}],"line":77},"7":{"loc":{"start":{"line":77,"column":12},"end":{"line":77,"column":85}},"type":"binary-expr","locations":[{"start":{"line":77,"column":12},"end":{"line":77,"column":35}},{"start":{"line":77,"column":39},"end":{"line":77,"column":85}}],"line":77},"8":{"loc":{"start":{"line":89,"column":8},"end":{"line":91,"column":9}},"type":"if","locations":[{"start":{"line":89,"column":8},"end":{"line":91,"column":9}},{"start":{},"end":{}}],"line":89},"9":{"loc":{"start":{"line":103,"column":8},"end":{"line":105,"column":9}},"type":"if","locations":[{"start":{"line":103,"column":8},"end":{"line":105,"column":9}},{"start":{},"end":{}}],"line":103},"10":{"loc":{"start":{"line":109,"column":8},"end":{"line":111,"column":9}},"type":"if","locations":[{"start":{"line":109,"column":8},"end":{"line":111,"column":9}},{"start":{},"end":{}}],"line":109},"11":{"loc":{"start":{"line":136,"column":8},"end":{"line":138,"column":9}},"type":"if","locations":[{"start":{"line":136,"column":8},"end":{"line":138,"column":9}},{"start":{},"end":{}}],"line":136},"12":{"loc":{"start":{"line":153,"column":8},"end":{"line":155,"column":9}},"type":"if","locations":[{"start":{"line":153,"column":8},"end":{"line":155,"column":9}},{"start":{},"end":{}}],"line":153},"13":{"loc":{"start":{"line":163,"column":8},"end":{"line":165,"column":9}},"type":"if","locations":[{"start":{"line":163,"column":8},"end":{"line":165,"column":9}},{"start":{},"end":{}}],"line":163},"14":{"loc":{"start":{"line":185,"column":8},"end":{"line":187,"column":9}},"type":"if","locations":[{"start":{"line":185,"column":8},"end":{"line":187,"column":9}},{"start":{},"end":{}}],"line":185},"15":{"loc":{"start":{"line":202,"column":8},"end":{"line":204,"column":9}},"type":"if","locations":[{"start":{"line":202,"column":8},"end":{"line":204,"column":9}},{"start":{},"end":{}}],"line":202},"16":{"loc":{"start":{"line":212,"column":8},"end":{"line":214,"column":9}},"type":"if","locations":[{"start":{"line":212,"column":8},"end":{"line":214,"column":9}},{"start":{},"end":{}}],"line":212},"17":{"loc":{"start":{"line":234,"column":8},"end":{"line":236,"column":9}},"type":"if","locations":[{"start":{"line":234,"column":8},"end":{"line":236,"column":9}},{"start":{},"end":{}}],"line":234},"18":{"loc":{"start":{"line":251,"column":8},"end":{"line":253,"column":9}},"type":"if","locations":[{"start":{"line":251,"column":8},"end":{"line":253,"column":9}},{"start":{},"end":{}}],"line":251},"19":{"loc":{"start":{"line":261,"column":8},"end":{"line":263,"column":9}},"type":"if","locations":[{"start":{"line":261,"column":8},"end":{"line":263,"column":9}},{"start":{},"end":{}}],"line":261}},"s":{"0":1,"1":1,"2":1,"3":1,"4":1,"5":0,"6":0,"7":0,"8":0,"9":0,"10":0,"11":0,"12":0,"13":0,"14":0,"15":0,"16":0,"17":0,"18":0,"19":0,"20":0,"21":0,"22":0,"23":1,"24":0,"25":0,"26":0,"27":0,"28":0,"29":0,"30":0,"31":0,"32":0,"33":0,"34":1,"35":0,"36":0,"37":0,"38":0,"39":0,"40":0,"41":0,"42":0,"43":0,"44":0,"45":0,"46":1,"47":0,"48":0,"49":0,"50":0,"51":0,"52":0,"53":0,"54":0,"55":0,"56":1,"57":0,"58":0,"59":0,"60":0,"61":0,"62":0,"63":0,"64":0,"65":0,"66":1,"67":0,"68":0,"69":0,"70":0,"71":0,"72":0,"73":0,"74":0,"75":0,"76":0,"77":0,"78":0,"79":1,"80":0,"81":0,"82":0,"83":0,"84":0,"85":0,"86":0,"87":0,"88":0,"89":1,"90":0,"91":0,"92":0,"93":0,"94":0,"95":0,"96":0,"97":0,"98":0,"99":0,"100":0,"101":0,"102":1,"103":0,"104":0,"105":0,"106":0,"107":0,"108":0,"109":0,"110":0,"111":0,"112":1,"113":0,"114":0,"115":0,"116":0,"117":0,"118":0,"119":0,"120":0,"121":0,"122":0,"123":0,"124":0,"125":1},"f":{"0":0,"1":0,"2":0,"3":0,"4":0,"5":0,"6":0,"7":0,"8":0,"9":0,"10":0,"11":0},"b":{"0":[0,0],"1":[0,0,0],"2":[0,0],"3":[0,0],"4":[0,0],"5":[0,0],"6":[0,0],"7":[0,0],"8":[0,0],"9":[0,0],"10":[0,0],"11":[0,0],"12":[0,0],"13":[0,0],"14":[0,0],"15":[0,0],"16":[0,0],"17":[0,0],"18":[0,0],"19":[0,0]},"_coverageSchema":"1a1c01bbd47fc00a2c39e90264f33305004495a9","hash":"bd5aed60dca035568f0a8e3f42198c66cc2cb5a6"}
,"D:\\project\\echoLift\\server\\Apis\\Profile.api.js": {"path":"D:\\project\\echoLift\\server\\Apis\\Profile.api.js","statementMap":{"0":{"start":{"line":1,"column":16},"end":{"line":1,"column":34}},"1":{"start":{"line":2,"column":13},"end":{"line":2,"column":44}},"2":{"start":{"line":3,"column":15},"end":{"line":3,"column":32}},"3":{"start":{"line":4,"column":35},"end":{"line":4,"column":63}},"4":{"start":{"line":7,"column":16},"end":{"line":14,"column":2}},"5":{"start":{"line":9,"column":8},"end":{"line":9,"column":29}},"6":{"start":{"line":12,"column":8},"end":{"line":12,"column":55}},"7":{"start":{"line":15,"column":15},"end":{"line":15,"column":43}},"8":{"start":{"line":17,"column":19},"end":{"line":27,"column":1}},"9":{"start":{"line":18,"column":4},"end":{"line":26,"column":5}},"10":{"start":{"line":19,"column":24},"end":{"line":19,"column":58}},"11":{"start":{"line":20,"column":8},"end":{"line":22,"column":9}},"12":{"start":{"line":21,"column":12},"end":{"line":21,"column":74}},"13":{"start":{"line":23,"column":8},"end":{"line":23,"column":26}},"14":{"start":{"line":25,"column":8},"end":{"line":25,"column":65}},"15":{"start":{"line":29,"column":22},"end":{"line":68,"column":1}},"16":{"start":{"line":30,"column":19},"end":{"line":30,"column":40}},"17":{"start":{"line":31,"column":4},"end":{"line":33,"column":5}},"18":{"start":{"line":32,"column":8},"end":{"line":32,"column":64}},"19":{"start":{"line":35,"column":4},"end":{"line":67,"column":5}},"20":{"start":{"line":36,"column":24},"end":{"line":36,"column":58}},"21":{"start":{"line":37,"column":8},"end":{"line":39,"column":9}},"22":{"start":{"line":38,"column":12},"end":{"line":38,"column":74}},"23":{"start":{"line":41,"column":8},"end":{"line":41,"column":48}},"24":{"start":{"line":42,"column":8},"end":{"line":44,"column":9}},"25":{"start":{"line":43,"column":12},"end":{"line":43,"column":52}},"26":{"start":{"line":46,"column":27},"end":{"line":54,"column":9}},"27":{"start":{"line":55,"column":28},"end":{"line":59,"column":9}},"28":{"start":{"line":61,"column":8},"end":{"line":61,"column":90}},"29":{"start":{"line":62,"column":8},"end":{"line":62,"column":42}},"30":{"start":{"line":65,"column":8},"end":{"line":65,"column":27}},"31":{"start":{"line":66,"column":8},"end":{"line":66,"column":65}},"32":{"start":{"line":70,"column":19},"end":{"line":105,"column":1}},"33":{"start":{"line":71,"column":4},"end":{"line":104,"column":5}},"34":{"start":{"line":72,"column":29},"end":{"line":72,"column":63}},"35":{"start":{"line":73,"column":28},"end":{"line":73,"column":61}},"36":{"start":{"line":74,"column":8},"end":{"line":74,"column":80}},"37":{"start":{"line":77,"column":8},"end":{"line":80,"column":9}},"38":{"start":{"line":79,"column":12},"end":{"line":79,"column":71}},"39":{"start":{"line":82,"column":8},"end":{"line":85,"column":9}},"40":{"start":{"line":84,"column":12},"end":{"line":84,"column":83}},"41":{"start":{"line":87,"column":8},"end":{"line":90,"column":9}},"42":{"start":{"line":89,"column":12},"end":{"line":89,"column":92}},"43":{"start":{"line":91,"column":8},"end":{"line":94,"column":10}},"44":{"start":{"line":95,"column":8},"end":{"line":98,"column":10}},"45":{"start":{"line":100,"column":8},"end":{"line":100,"column":60}},"46":{"start":{"line":102,"column":8},"end":{"line":102,"column":65}},"47":{"start":{"line":103,"column":8},"end":{"line":103,"column":27}},"48":{"start":{"line":107,"column":21},"end":{"line":144,"column":1}},"49":{"start":{"line":108,"column":4},"end":{"line":143,"column":5}},"50":{"start":{"line":109,"column":31},"end":{"line":109,"column":65}},"51":{"start":{"line":110,"column":28},"end":{"line":110,"column":61}},"52":{"start":{"line":111,"column":8},"end":{"line":111,"column":84}},"53":{"start":{"line":113,"column":8},"end":{"line":116,"column":9}},"54":{"start":{"line":115,"column":12},"end":{"line":115,"column":71}},"55":{"start":{"line":117,"column":8},"end":{"line":120,"column":9}},"56":{"start":{"line":119,"column":12},"end":{"line":119,"column":85}},"57":{"start":{"line":122,"column":30},"end":{"line":122,"column":79}},"58":{"start":{"line":123,"column":31},"end":{"line":123,"column":80}},"59":{"start":{"line":125,"column":8},"end":{"line":128,"column":9}},"60":{"start":{"line":127,"column":12},"end":{"line":127,"column":88}},"61":{"start":{"line":129,"column":8},"end":{"line":132,"column":10}},"62":{"start":{"line":134,"column":8},"end":{"line":137,"column":10}},"63":{"start":{"line":139,"column":8},"end":{"line":139,"column":62}},"64":{"start":{"line":141,"column":8},"end":{"line":141,"column":65}},"65":{"start":{"line":142,"column":8},"end":{"line":142,"column":27}},"66":{"start":{"line":146,"column":0},"end":{"line":146,"column":73}}},"fnMap":{"0":{"name":"(anonymous_0)","decl":{"start":{"line":8,"column":17},"end":{"line":8,"column":18}},"loc":{"start":{"line":8,"column":42},"end":{"line":10,"column":5}},"line":8},"1":{"name":"(anonymous_1)","decl":{"start":{"line":11,"column":14},"end":{"line":11,"column":15}},"loc":{"start":{"line":11,"column":39},"end":{"line":13,"column":5}},"line":11},"2":{"name":"(anonymous_2)","decl":{"start":{"line":17,"column":19},"end":{"line":17,"column":20}},"loc":{"start":{"line":17,"column":39},"end":{"line":27,"column":1}},"line":17},"3":{"name":"(anonymous_3)","decl":{"start":{"line":29,"column":22},"end":{"line":29,"column":23}},"loc":{"start":{"line":29,"column":42},"end":{"line":68,"column":1}},"line":29},"4":{"name":"(anonymous_4)","decl":{"start":{"line":70,"column":19},"end":{"line":70,"column":20}},"loc":{"start":{"line":70,"column":39},"end":{"line":105,"column":1}},"line":70},"5":{"name":"(anonymous_5)","decl":{"start":{"line":107,"column":21},"end":{"line":107,"column":22}},"loc":{"start":{"line":107,"column":41},"end":{"line":144,"column":1}},"line":107}},"branchMap":{"0":{"loc":{"start":{"line":20,"column":8},"end":{"line":22,"column":9}},"type":"if","locations":[{"start":{"line":20,"column":8},"end":{"line":22,"column":9}},{"start":{},"end":{}}],"line":20},"1":{"loc":{"start":{"line":31,"column":4},"end":{"line":33,"column":5}},"type":"if","locations":[{"start":{"line":31,"column":4},"end":{"line":33,"column":5}},{"start":{},"end":{}}],"line":31},"2":{"loc":{"start":{"line":37,"column":8},"end":{"line":39,"column":9}},"type":"if","locations":[{"start":{"line":37,"column":8},"end":{"line":39,"column":9}},{"start":{},"end":{}}],"line":37},"3":{"loc":{"start":{"line":42,"column":8},"end":{"line":44,"column":9}},"type":"if","locations":[{"start":{"line":42,"column":8},"end":{"line":44,"column":9}},{"start":{},"end":{}}],"line":42},"4":{"loc":{"start":{"line":51,"column":29},"end":{"line":53,"column":40}},"type":"cond-expr","locations":[{"start":{"line":52,"column":18},"end":{"line":52,"column":85}},{"start":{"line":53,"column":18},"end":{"line":53,"column":40}}],"line":51},"5":{"loc":{"start":{"line":77,"column":8},"end":{"line":80,"column":9}},"type":"if","locations":[{"start":{"line":77,"column":8},"end":{"line":80,"column":9}},{"start":{},"end":{}}],"line":77},"6":{"loc":{"start":{"line":77,"column":12},"end":{"line":77,"column":41}},"type":"binary-expr","locations":[{"start":{"line":77,"column":12},"end":{"line":77,"column":25}},{"start":{"line":77,"column":29},"end":{"line":77,"column":41}}],"line":77},"7":{"loc":{"start":{"line":82,"column":8},"end":{"line":85,"column":9}},"type":"if","locations":[{"start":{"line":82,"column":8},"end":{"line":85,"column":9}},{"start":{},"end":{}}],"line":82},"8":{"loc":{"start":{"line":87,"column":8},"end":{"line":90,"column":9}},"type":"if","locations":[{"start":{"line":87,"column":8},"end":{"line":90,"column":9}},{"start":{},"end":{}}],"line":87},"9":{"loc":{"start":{"line":87,"column":12},"end":{"line":87,"column":110}},"type":"binary-expr","locations":[{"start":{"line":87,"column":12},"end":{"line":87,"column":60}},{"start":{"line":87,"column":62},"end":{"line":87,"column":110}}],"line":87},"10":{"loc":{"start":{"line":113,"column":8},"end":{"line":116,"column":9}},"type":"if","locations":[{"start":{"line":113,"column":8},"end":{"line":116,"column":9}},{"start":{},"end":{}}],"line":113},"11":{"loc":{"start":{"line":113,"column":12},"end":{"line":113,"column":43}},"type":"binary-expr","locations":[{"start":{"line":113,"column":12},"end":{"line":113,"column":27}},{"start":{"line":113,"column":31},"end":{"line":113,"column":43}}],"line":113},"12":{"loc":{"start":{"line":117,"column":8},"end":{"line":120,"column":9}},"type":"if","locations":[{"start":{"line":117,"column":8},"end":{"line":120,"column":9}},{"start":{},"end":{}}],"line":117},"13":{"loc":{"start":{"line":125,"column":8},"end":{"line":128,"column":9}},"type":"if","locations":[{"start":{"line":125,"column":8},"end":{"line":128,"column":9}},{"start":{},"end":{}}],"line":125},"14":{"loc":{"start":{"line":125,"column":12},"end":{"line":125,"column":57}},"type":"binary-expr","locations":[{"start":{"line":125,"column":12},"end":{"line":125,"column":32}},{"start":{"line":125,"column":36},"end":{"line":125,"column":57}}],"line":125}},"s":{"0":1,"1":1,"2":1,"3":1,"4":1,"5":0,"6":0,"7":1,"8":1,"9":0,"10":0,"11":0,"12":0,"13":0,"14":0,"15":1,"16":0,"17":0,"18":0,"19":0,"20":0,"21":0,"22":0,"23":0,"24":0,"25":0,"26":0,"27":0,"28":0,"29":0,"30":0,"31":0,"32":1,"33":0,"34":0,"35":0,"36":0,"37":0,"38":0,"39":0,"40":0,"41":0,"42":0,"43":0,"44":0,"45":0,"46":0,"47":0,"48":1,"49":0,"50":0,"51":0,"52":0,"53":0,"54":0,"55":0,"56":0,"57":0,"58":0,"59":0,"60":0,"61":0,"62":0,"63":0,"64":0,"65":0,"66":1},"f":{"0":0,"1":0,"2":0,"3":0,"4":0,"5":0},"b":{"0":[0,0],"1":[0,0],"2":[0,0],"3":[0,0],"4":[0,0],"5":[0,0],"6":[0,0],"7":[0,0],"8":[0,0],"9":[0,0],"10":[0,0],"11":[0,0],"12":[0,0],"13":[0,0],"14":[0,0]},"_coverageSchema":"1a1c01bbd47fc00a2c39e90264f33305004495a9","hash":"60b606623954d96b2d92818ad4fda9c1b2660431"}
,"D:\\project\\echoLift\\server\\Apis\\Search.api.js": {"path":"D:\\project\\echoLift\\server\\Apis\\Search.api.js","statementMap":{"0":{"start":{"line":1,"column":16},"end":{"line":1,"column":34}},"1":{"start":{"line":2,"column":13},"end":{"line":2,"column":44}},"2":{"start":{"line":3,"column":21},"end":{"line":3,"column":54}},"3":{"start":{"line":4,"column":23},"end":{"line":4,"column":62}},"4":{"start":{"line":10,"column":15},"end":{"line":51,"column":1}},"5":{"start":{"line":11,"column":28},"end":{"line":11,"column":37}},"6":{"start":{"line":12,"column":19},"end":{"line":12,"column":31}},"7":{"start":{"line":14,"column":4},"end":{"line":16,"column":5}},"8":{"start":{"line":15,"column":8},"end":{"line":15,"column":66}},"9":{"start":{"line":17,"column":4},"end":{"line":50,"column":5}},"10":{"start":{"line":18,"column":20},"end":{"line":18,"column":22}},"11":{"start":{"line":19,"column":8},"end":{"line":36,"column":9}},"12":{"start":{"line":21,"column":12},"end":{"line":24,"column":14}},"13":{"start":{"line":26,"column":12},"end":{"line":34,"column":14}},"14":{"start":{"line":39,"column":8},"end":{"line":42,"column":9}},"15":{"start":{"line":40,"column":33},"end":{"line":40,"column":68}},"16":{"start":{"line":41,"column":12},"end":{"line":41,"column":38}},"17":{"start":{"line":45,"column":31},"end":{"line":45,"column":100}},"18":{"start":{"line":47,"column":8},"end":{"line":47,"column":44}},"19":{"start":{"line":49,"column":8},"end":{"line":49,"column":65}},"20":{"start":{"line":54,"column":26},"end":{"line":63,"column":1}},"21":{"start":{"line":55,"column":19},"end":{"line":55,"column":31}},"22":{"start":{"line":57,"column":4},"end":{"line":62,"column":5}},"23":{"start":{"line":58,"column":31},"end":{"line":58,"column":100}},"24":{"start":{"line":59,"column":8},"end":{"line":59,"column":37}},"25":{"start":{"line":61,"column":8},"end":{"line":61,"column":65}},"26":{"start":{"line":66,"column":28},"end":{"line":75,"column":1}},"27":{"start":{"line":67,"column":19},"end":{"line":67,"column":31}},"28":{"start":{"line":69,"column":4},"end":{"line":74,"column":5}},"29":{"start":{"line":70,"column":8},"end":{"line":70,"column":50}},"30":{"start":{"line":71,"column":8},"end":{"line":71,"column":57}},"31":{"start":{"line":73,"column":8},"end":{"line":73,"column":65}},"32":{"start":{"line":77,"column":0},"end":{"line":77,"column":68}}},"fnMap":{"0":{"name":"(anonymous_0)","decl":{"start":{"line":10,"column":15},"end":{"line":10,"column":16}},"loc":{"start":{"line":10,"column":35},"end":{"line":51,"column":1}},"line":10},"1":{"name":"(anonymous_1)","decl":{"start":{"line":54,"column":26},"end":{"line":54,"column":27}},"loc":{"start":{"line":54,"column":46},"end":{"line":63,"column":1}},"line":54},"2":{"name":"(anonymous_2)","decl":{"start":{"line":66,"column":28},"end":{"line":66,"column":29}},"loc":{"start":{"line":66,"column":48},"end":{"line":75,"column":1}},"line":66}},"branchMap":{"0":{"loc":{"start":{"line":14,"column":4},"end":{"line":16,"column":5}},"type":"if","locations":[{"start":{"line":14,"column":4},"end":{"line":16,"column":5}},{"start":{},"end":{}}],"line":14},"1":{"loc":{"start":{"line":14,"column":8},"end":{"line":14,"column":65}},"type":"binary-expr","locations":[{"start":{"line":14,"column":8},"end":{"line":14,"column":14}},{"start":{"line":14,"column":18},"end":{"line":14,"column":43}},{"start":{"line":14,"column":47},"end":{"line":14,"column":65}}],"line":14},"2":{"loc":{"start":{"line":19,"column":8},"end":{"line":36,"column":9}},"type":"if","locations":[{"start":{"line":19,"column":8},"end":{"line":36,"column":9}},{"start":{"line":25,"column":15},"end":{"line":36,"column":9}}],"line":19},"3":{"loc":{"start":{"line":39,"column":8},"end":{"line":42,"column":9}},"type":"if","locations":[{"start":{"line":39,"column":8},"end":{"line":42,"column":9}},{"start":{},"end":{}}],"line":39}},"s":{"0":1,"1":1,"2":1,"3":1,"4":1,"5":0,"6":0,"7":0,"8":0,"9":0,"10":0,"11":0,"12":0,"13":0,"14":0,"15":0,"16":0,"17":0,"18":0,"19":0,"20":1,"21":0,"22":0,"23":0,"24":0,"25":0,"26":1,"27":0,"28":0,"29":0,"30":0,"31":0,"32":1},"f":{"0":0,"1":0,"2":0},"b":{"0":[0,0],"1":[0,0,0],"2":[0,0],"3":[0,0]},"_coverageSchema":"1a1c01bbd47fc00a2c39e90264f33305004495a9","hash":"fb055e5592b09b6ba6a03d7b0417b7f46a68be6f"}
,"D:\\project\\echoLift\\server\\Apis\\User.api.js": {"path":"D:\\project\\echoLift\\server\\Apis\\User.api.js","statementMap":{"0":{"start":{"line":1,"column":13},"end":{"line":1,"column":44}},"1":{"start":{"line":2,"column":14},"end":{"line":2,"column":39}},"2":{"start":{"line":3,"column":21},"end":{"line":3,"column":44}},"3":{"start":{"line":4,"column":23},"end":{"line":4,"column":76}},"4":{"start":{"line":5,"column":17},"end":{"line":5,"column":19}},"5":{"start":{"line":6,"column":14},"end":{"line":6,"column":30}},"6":{"start":{"line":7,"column":15},"end":{"line":7,"column":34}},"7":{"start":{"line":8,"column":22},"end":{"line":8,"column":54}},"8":{"start":{"line":9,"column":22},"end":{"line":9,"column":54}},"9":{"start":{"line":10,"column":12},"end":{"line":10,"column":35}},"10":{"start":{"line":16,"column":0},"end":{"line":18,"column":3}},"11":{"start":{"line":20,"column":21},"end":{"line":52,"column":1}},"12":{"start":{"line":21,"column":4},"end":{"line":51,"column":5}},"13":{"start":{"line":23,"column":79},"end":{"line":23,"column":87}},"14":{"start":{"line":26,"column":8},"end":{"line":26,"column":85}},"15":{"start":{"line":28,"column":8},"end":{"line":44,"column":9}},"16":{"start":{"line":29,"column":32},"end":{"line":29,"column":105}},"17":{"start":{"line":32,"column":12},"end":{"line":36,"column":13}},"18":{"start":{"line":33,"column":16},"end":{"line":35,"column":19}},"19":{"start":{"line":40,"column":12},"end":{"line":43,"column":15}},"20":{"start":{"line":47,"column":8},"end":{"line":50,"column":11}},"21":{"start":{"line":55,"column":18},"end":{"line":98,"column":1}},"22":{"start":{"line":56,"column":4},"end":{"line":97,"column":5}},"23":{"start":{"line":57,"column":41},"end":{"line":57,"column":49}},"24":{"start":{"line":58,"column":21},"end":{"line":64,"column":10}},"25":{"start":{"line":65,"column":8},"end":{"line":67,"column":9}},"26":{"start":{"line":66,"column":12},"end":{"line":66,"column":75}},"27":{"start":{"line":68,"column":24},"end":{"line":68,"column":75}},"28":{"start":{"line":69,"column":8},"end":{"line":71,"column":9}},"29":{"start":{"line":70,"column":12},"end":{"line":70,"column":75}},"30":{"start":{"line":75,"column":22},"end":{"line":75,"column":46}},"31":{"start":{"line":76,"column":8},"end":{"line":76,"column":46}},"32":{"start":{"line":77,"column":30},"end":{"line":77,"column":37}},"33":{"start":{"line":78,"column":8},"end":{"line":78,"column":45}},"34":{"start":{"line":79,"column":8},"end":{"line":79,"column":30}},"35":{"start":{"line":80,"column":8},"end":{"line":80,"column":42}},"36":{"start":{"line":81,"column":8},"end":{"line":88,"column":11}},"37":{"start":{"line":92,"column":8},"end":{"line":92,"column":29}},"38":{"start":{"line":93,"column":8},"end":{"line":96,"column":11}},"39":{"start":{"line":101,"column":16},"end":{"line":110,"column":1}},"40":{"start":{"line":102,"column":4},"end":{"line":109,"column":5}},"41":{"start":{"line":103,"column":22},"end":{"line":103,"column":63}},"42":{"start":{"line":104,"column":24},"end":{"line":104,"column":65}},"43":{"start":{"line":105,"column":21},"end":{"line":105,"column":73}},"44":{"start":{"line":106,"column":8},"end":{"line":106,"column":23}},"45":{"start":{"line":108,"column":8},"end":{"line":108,"column":64}},"46":{"start":{"line":113,"column":19},"end":{"line":123,"column":1}},"47":{"start":{"line":114,"column":4},"end":{"line":122,"column":5}},"48":{"start":{"line":115,"column":22},"end":{"line":115,"column":63}},"49":{"start":{"line":117,"column":23},"end":{"line":117,"column":52}},"50":{"start":{"line":118,"column":21},"end":{"line":118,"column":82}},"51":{"start":{"line":119,"column":8},"end":{"line":119,"column":23}},"52":{"start":{"line":121,"column":8},"end":{"line":121,"column":65}},"53":{"start":{"line":125,"column":21},"end":{"line":125,"column":53}},"54":{"start":{"line":126,"column":21},"end":{"line":126,"column":53}},"55":{"start":{"line":127,"column":16},"end":{"line":145,"column":1}},"56":{"start":{"line":128,"column":4},"end":{"line":144,"column":5}},"57":{"start":{"line":130,"column":28},"end":{"line":130,"column":36}},"58":{"start":{"line":131,"column":22},"end":{"line":131,"column":39}},"59":{"start":{"line":132,"column":20},"end":{"line":132,"column":34}},"60":{"start":{"line":133,"column":26},"end":{"line":133,"column":52}},"61":{"start":{"line":135,"column":8},"end":{"line":135,"column":61}},"62":{"start":{"line":137,"column":8},"end":{"line":137,"column":39}},"63":{"start":{"line":138,"column":8},"end":{"line":138,"column":106}},"64":{"start":{"line":142,"column":8},"end":{"line":142,"column":60}},"65":{"start":{"line":143,"column":8},"end":{"line":143,"column":71}},"66":{"start":{"line":146,"column":0},"end":{"line":146,"column":37}},"67":{"start":{"line":148,"column":18},"end":{"line":196,"column":1}},"68":{"start":{"line":149,"column":4},"end":{"line":195,"column":5}},"69":{"start":{"line":150,"column":31},"end":{"line":150,"column":39}},"70":{"start":{"line":151,"column":25},"end":{"line":151,"column":40}},"71":{"start":{"line":153,"column":8},"end":{"line":155,"column":9}},"72":{"start":{"line":154,"column":12},"end":{"line":154,"column":92}},"73":{"start":{"line":156,"column":26},"end":{"line":156,"column":40}},"74":{"start":{"line":157,"column":8},"end":{"line":159,"column":9}},"75":{"start":{"line":158,"column":12},"end":{"line":158,"column":68}},"76":{"start":{"line":161,"column":8},"end":{"line":163,"column":9}},"77":{"start":{"line":162,"column":12},"end":{"line":162,"column":88}},"78":{"start":{"line":165,"column":21},"end":{"line":174,"column":10}},"79":{"start":{"line":175,"column":8},"end":{"line":175,"column":26}},"80":{"start":{"line":177,"column":8},"end":{"line":177,"column":31}},"81":{"start":{"line":178,"column":22},"end":{"line":178,"column":46}},"82":{"start":{"line":179,"column":8},"end":{"line":179,"column":46}},"83":{"start":{"line":180,"column":30},"end":{"line":180,"column":37}},"84":{"start":{"line":181,"column":8},"end":{"line":181,"column":45}},"85":{"start":{"line":182,"column":8},"end":{"line":182,"column":30}},"86":{"start":{"line":183,"column":8},"end":{"line":190,"column":11}},"87":{"start":{"line":192,"column":8},"end":{"line":192,"column":62}},"88":{"start":{"line":194,"column":8},"end":{"line":194,"column":84}},"89":{"start":{"line":200,"column":34},"end":{"line":224,"column":1}},"90":{"start":{"line":201,"column":27},"end":{"line":201,"column":35}},"91":{"start":{"line":202,"column":18},"end":{"line":208,"column":37}},"92":{"start":{"line":210,"column":4},"end":{"line":210,"column":75}},"93":{"start":{"line":210,"column":16},"end":{"line":210,"column":75}},"94":{"start":{"line":212,"column":24},"end":{"line":212,"column":43}},"95":{"start":{"line":214,"column":4},"end":{"line":223,"column":5}},"96":{"start":{"line":215,"column":8},"end":{"line":215,"column":40}},"97":{"start":{"line":219,"column":8},"end":{"line":222,"column":11}},"98":{"start":{"line":226,"column":0},"end":{"line":242,"column":2}},"99":{"start":{"line":227,"column":50},"end":{"line":227,"column":58}},"100":{"start":{"line":229,"column":22},"end":{"line":229,"column":36}},"101":{"start":{"line":230,"column":4},"end":{"line":230,"column":40}},"102":{"start":{"line":231,"column":4},"end":{"line":240,"column":5}},"103":{"start":{"line":232,"column":8},"end":{"line":239,"column":9}},"104":{"start":{"line":233,"column":12},"end":{"line":235,"column":13}},"105":{"start":{"line":234,"column":16},"end":{"line":234,"column":92}},"106":{"start":{"line":236,"column":12},"end":{"line":236,"column":35}},"107":{"start":{"line":237,"column":12},"end":{"line":237,"column":99}},"108":{"start":{"line":241,"column":4},"end":{"line":241,"column":60}},"109":{"start":{"line":244,"column":32},"end":{"line":255,"column":1}},"110":{"start":{"line":245,"column":52},"end":{"line":245,"column":60}},"111":{"start":{"line":246,"column":4},"end":{"line":248,"column":5}},"112":{"start":{"line":247,"column":8},"end":{"line":247,"column":76}},"113":{"start":{"line":249,"column":17},"end":{"line":249,"column":46}},"114":{"start":{"line":251,"column":4},"end":{"line":251,"column":74}},"115":{"start":{"line":251,"column":15},"end":{"line":251,"column":74}},"116":{"start":{"line":252,"column":4},"end":{"line":252,"column":27}},"117":{"start":{"line":253,"column":4},"end":{"line":253,"column":86}},"118":{"start":{"line":254,"column":4},"end":{"line":254,"column":57}},"119":{"start":{"line":257,"column":26},"end":{"line":265,"column":1}},"120":{"start":{"line":258,"column":41},"end":{"line":258,"column":49}},"121":{"start":{"line":259,"column":17},"end":{"line":259,"column":25}},"122":{"start":{"line":260,"column":20},"end":{"line":260,"column":59}},"123":{"start":{"line":261,"column":4},"end":{"line":261,"column":83}},"124":{"start":{"line":261,"column":18},"end":{"line":261,"column":83}},"125":{"start":{"line":262,"column":4},"end":{"line":262,"column":55}},"126":{"start":{"line":263,"column":4},"end":{"line":263,"column":22}},"127":{"start":{"line":264,"column":4},"end":{"line":264,"column":57}},"128":{"start":{"line":267,"column":34},"end":{"line":278,"column":1}},"129":{"start":{"line":268,"column":4},"end":{"line":277,"column":5}},"130":{"start":{"line":269,"column":29},"end":{"line":269,"column":37}},"131":{"start":{"line":270,"column":21},"end":{"line":270,"column":53}},"132":{"start":{"line":271,"column":8},"end":{"line":273,"column":9}},"133":{"start":{"line":272,"column":12},"end":{"line":272,"column":100}},"134":{"start":{"line":274,"column":8},"end":{"line":274,"column":84}},"135":{"start":{"line":276,"column":8},"end":{"line":276,"column":104}},"136":{"start":{"line":280,"column":0},"end":{"line":292,"column":2}}},"fnMap":{"0":{"name":"(anonymous_0)","decl":{"start":{"line":20,"column":21},"end":{"line":20,"column":22}},"loc":{"start":{"line":20,"column":41},"end":{"line":52,"column":1}},"line":20},"1":{"name":"(anonymous_1)","decl":{"start":{"line":55,"column":18},"end":{"line":55,"column":19}},"loc":{"start":{"line":55,"column":38},"end":{"line":98,"column":1}},"line":55},"2":{"name":"(anonymous_2)","decl":{"start":{"line":101,"column":16},"end":{"line":101,"column":17}},"loc":{"start":{"line":101,"column":36},"end":{"line":110,"column":1}},"line":101},"3":{"name":"(anonymous_3)","decl":{"start":{"line":113,"column":19},"end":{"line":113,"column":20}},"loc":{"start":{"line":113,"column":39},"end":{"line":123,"column":1}},"line":113},"4":{"name":"(anonymous_4)","decl":{"start":{"line":127,"column":16},"end":{"line":127,"column":17}},"loc":{"start":{"line":127,"column":36},"end":{"line":145,"column":1}},"line":127},"5":{"name":"(anonymous_5)","decl":{"start":{"line":148,"column":18},"end":{"line":148,"column":19}},"loc":{"start":{"line":148,"column":38},"end":{"line":196,"column":1}},"line":148},"6":{"name":"(anonymous_6)","decl":{"start":{"line":200,"column":34},"end":{"line":200,"column":35}},"loc":{"start":{"line":200,"column":54},"end":{"line":224,"column":1}},"line":200},"7":{"name":"(anonymous_7)","decl":{"start":{"line":226,"column":26},"end":{"line":226,"column":27}},"loc":{"start":{"line":226,"column":46},"end":{"line":242,"column":1}},"line":226},"8":{"name":"(anonymous_8)","decl":{"start":{"line":244,"column":32},"end":{"line":244,"column":33}},"loc":{"start":{"line":244,"column":52},"end":{"line":255,"column":1}},"line":244},"9":{"name":"(anonymous_9)","decl":{"start":{"line":257,"column":26},"end":{"line":257,"column":27}},"loc":{"start":{"line":257,"column":46},"end":{"line":265,"column":1}},"line":257},"10":{"name":"(anonymous_10)","decl":{"start":{"line":267,"column":34},"end":{"line":267,"column":35}},"loc":{"start":{"line":267,"column":54},"end":{"line":278,"column":1}},"line":267}},"branchMap":{"0":{"loc":{"start":{"line":32,"column":12},"end":{"line":36,"column":13}},"type":"if","locations":[{"start":{"line":32,"column":12},"end":{"line":36,"column":13}},{"start":{},"end":{}}],"line":32},"1":{"loc":{"start":{"line":42,"column":23},"end":{"line":42,"column":69}},"type":"binary-expr","locations":[{"start":{"line":42,"column":23},"end":{"line":42,"column":52}},{"start":{"line":42,"column":56},"end":{"line":42,"column":69}}],"line":42},"2":{"loc":{"start":{"line":65,"column":8},"end":{"line":67,"column":9}},"type":"if","locations":[{"start":{"line":65,"column":8},"end":{"line":67,"column":9}},{"start":{},"end":{}}],"line":65},"3":{"loc":{"start":{"line":69,"column":8},"end":{"line":71,"column":9}},"type":"if","locations":[{"start":{"line":69,"column":8},"end":{"line":71,"column":9}},{"start":{},"end":{}}],"line":69},"4":{"loc":{"start":{"line":153,"column":8},"end":{"line":155,"column":9}},"type":"if","locations":[{"start":{"line":153,"column":8},"end":{"line":155,"column":9}},{"start":{},"end":{}}],"line":153},"5":{"loc":{"start":{"line":157,"column":8},"end":{"line":159,"column":9}},"type":"if","locations":[{"start":{"line":157,"column":8},"end":{"line":159,"column":9}},{"start":{},"end":{}}],"line":157},"6":{"loc":{"start":{"line":161,"column":8},"end":{"line":163,"column":9}},"type":"if","locations":[{"start":{"line":161,"column":8},"end":{"line":163,"column":9}},{"start":{},"end":{}}],"line":161},"7":{"loc":{"start":{"line":210,"column":4},"end":{"line":210,"column":75}},"type":"if","locations":[{"start":{"line":210,"column":4},"end":{"line":210,"column":75}},{"start":{},"end":{}}],"line":210},"8":{"loc":{"start":{"line":221,"column":19},"end":{"line":221,"column":65}},"type":"binary-expr","locations":[{"start":{"line":221,"column":19},"end":{"line":221,"column":48}},{"start":{"line":221,"column":52},"end":{"line":221,"column":65}}],"line":221},"9":{"loc":{"start":{"line":232,"column":8},"end":{"line":239,"column":9}},"type":"if","locations":[{"start":{"line":232,"column":8},"end":{"line":239,"column":9}},{"start":{},"end":{}}],"line":232},"10":{"loc":{"start":{"line":233,"column":12},"end":{"line":235,"column":13}},"type":"if","locations":[{"start":{"line":233,"column":12},"end":{"line":235,"column":13}},{"start":{},"end":{}}],"line":233},"11":{"loc":{"start":{"line":246,"column":4},"end":{"line":248,"column":5}},"type":"if","locations":[{"start":{"line":246,"column":4},"end":{"line":248,"column":5}},{"start":{},"end":{}}],"line":246},"12":{"loc":{"start":{"line":251,"column":4},"end":{"line":251,"column":74}},"type":"if","locations":[{"start":{"line":251,"column":4},"end":{"line":251,"column":74}},{"start":{},"end":{}}],"line":251},"13":{"loc":{"start":{"line":261,"column":4},"end":{"line":261,"column":83}},"type":"if","locations":[{"start":{"line":261,"column":4},"end":{"line":261,"column":83}},{"start":{},"end":{}}],"line":261},"14":{"loc":{"start":{"line":271,"column":8},"end":{"line":273,"column":9}},"type":"if","locations":[{"start":{"line":271,"column":8},"end":{"line":273,"column":9}},{"start":{},"end":{}}],"line":271}},"s":{"0":1,"1":1,"2":1,"3":1,"4":1,"5":1,"6":1,"7":1,"8":1,"9":1,"10":1,"11":1,"12":0,"13":0,"14":0,"15":0,"16":0,"17":0,"18":0,"19":0,"20":0,"21":1,"22":0,"23":0,"24":0,"25":0,"26":0,"27":0,"28":0,"29":0,"30":0,"31":0,"32":0,"33":0,"34":0,"35":0,"36":0,"37":0,"38":0,"39":1,"40":0,"41":0,"42":0,"43":0,"44":0,"45":0,"46":1,"47":0,"48":0,"49":0,"50":0,"51":0,"52":0,"53":1,"54":1,"55":1,"56":0,"57":0,"58":0,"59":0,"60":0,"61":0,"62":0,"63":0,"64":0,"65":0,"66":1,"67":1,"68":0,"69":0,"70":0,"71":0,"72":0,"73":0,"74":0,"75":0,"76":0,"77":0,"78":0,"79":0,"80":0,"81":0,"82":0,"83":0,"84":0,"85":0,"86":0,"87":0,"88":0,"89":1,"90":0,"91":0,"92":0,"93":0,"94":0,"95":0,"96":0,"97":0,"98":1,"99":0,"100":0,"101":0,"102":0,"103":0,"104":0,"105":0,"106":0,"107":0,"108":0,"109":1,"110":0,"111":0,"112":0,"113":0,"114":0,"115":0,"116":0,"117":0,"118":0,"119":1,"120":0,"121":0,"122":0,"123":0,"124":0,"125":0,"126":0,"127":0,"128":1,"129":0,"130":0,"131":0,"132":0,"133":0,"134":0,"135":0,"136":1},"f":{"0":0,"1":0,"2":0,"3":0,"4":0,"5":0,"6":0,"7":0,"8":0,"9":0,"10":0},"b":{"0":[0,0],"1":[0,0],"2":[0,0],"3":[0,0],"4":[0,0],"5":[0,0],"6":[0,0],"7":[0,0],"8":[0,0],"9":[0,0],"10":[0,0],"11":[0,0],"12":[0,0],"13":[0,0],"14":[0,0]},"_coverageSchema":"1a1c01bbd47fc00a2c39e90264f33305004495a9","hash":"06088c1447b10a1f7b37aa47d6d4cf5ef052f45c"}
,"D:\\project\\echoLift\\server\\Controller\\feedController.js": {"path":"D:\\project\\echoLift\\server\\Controller\\feedController.js","statementMap":{"0":{"start":{"line":1,"column":16},"end":{"line":1,"column":43}},"1":{"start":{"line":2,"column":24},"end":{"line":2,"column":26}},"2":{"start":{"line":4,"column":0},"end":{"line":6,"column":2}},"3":{"start":{"line":5,"column":4},"end":{"line":5,"column":42}},"4":{"start":{"line":7,"column":0},"end":{"line":9,"column":2}},"5":{"start":{"line":8,"column":4},"end":{"line":8,"column":45}},"6":{"start":{"line":10,"column":0},"end":{"line":12,"column":2}},"7":{"start":{"line":11,"column":4},"end":{"line":11,"column":44}},"8":{"start":{"line":14,"column":0},"end":{"line":14,"column":33}}},"fnMap":{"0":{"name":"(anonymous_0)","decl":{"start":{"line":4,"column":32},"end":{"line":4,"column":33}},"loc":{"start":{"line":4,"column":58},"end":{"line":6,"column":1}},"line":4},"1":{"name":"(anonymous_1)","decl":{"start":{"line":7,"column":35},"end":{"line":7,"column":36}},"loc":{"start":{"line":7,"column":61},"end":{"line":9,"column":1}},"line":7},"2":{"name":"(anonymous_2)","decl":{"start":{"line":10,"column":34},"end":{"line":10,"column":35}},"loc":{"start":{"line":10,"column":60},"end":{"line":12,"column":1}},"line":10}},"branchMap":{},"s":{"0":1,"1":1,"2":1,"3":0,"4":1,"5":0,"6":1,"7":0,"8":1},"f":{"0":0,"1":0,"2":0},"b":{},"_coverageSchema":"1a1c01bbd47fc00a2c39e90264f33305004495a9","hash":"9a1c1f8cb286f803dd858f9d3a58a356f27ca749"}
,"D:\\project\\echoLift\\server\\Controller\\notificationController.js": {"path":"D:\\project\\echoLift\\server\\Controller\\notificationController.js","statementMap":{"0":{"start":{"line":1,"column":24},"end":{"line":1,"column":59}},"1":{"start":{"line":2,"column":31},"end":{"line":2,"column":33}},"2":{"start":{"line":4,"column":0},"end":{"line":6,"column":1}},"3":{"start":{"line":5,"column":4},"end":{"line":5,"column":53}},"4":{"start":{"line":8,"column":0},"end":{"line":10,"column":1}},"5":{"start":{"line":9,"column":4},"end":{"line":9,"column":47}},"6":{"start":{"line":12,"column":0},"end":{"line":14,"column":1}},"7":{"start":{"line":13,"column":4},"end":{"line":13,"column":55}},"8":{"start":{"line":16,"column":0},"end":{"line":18,"column":1}},"9":{"start":{"line":17,"column":4},"end":{"line":17,"column":55}},"10":{"start":{"line":20,"column":0},"end":{"line":22,"column":1}},"11":{"start":{"line":21,"column":4},"end":{"line":21,"column":56}},"12":{"start":{"line":24,"column":0},"end":{"line":26,"column":1}},"13":{"start":{"line":25,"column":4},"end":{"line":25,"column":64}},"14":{"start":{"line":28,"column":0},"end":{"line":28,"column":40}}},"fnMap":{"0":{"name":"(anonymous_0)","decl":{"start":{"line":4,"column":42},"end":{"line":4,"column":43}},"loc":{"start":{"line":4,"column":68},"end":{"line":6,"column":1}},"line":4},"1":{"name":"(anonymous_1)","decl":{"start":{"line":8,"column":48},"end":{"line":8,"column":49}},"loc":{"start":{"line":8,"column":74},"end":{"line":10,"column":1}},"line":8},"2":{"name":"(anonymous_2)","decl":{"start":{"line":12,"column":44},"end":{"line":12,"column":45}},"loc":{"start":{"line":12,"column":70},"end":{"line":14,"column":1}},"line":12},"3":{"name":"(anonymous_3)","decl":{"start":{"line":16,"column":44},"end":{"line":16,"column":45}},"loc":{"start":{"line":16,"column":70},"end":{"line":18,"column":1}},"line":16},"4":{"name":"(anonymous_4)","decl":{"start":{"line":20,"column":45},"end":{"line":20,"column":46}},"loc":{"start":{"line":20,"column":71},"end":{"line":22,"column":1}},"line":20},"5":{"name":"(anonymous_5)","decl":{"start":{"line":24,"column":53},"end":{"line":24,"column":54}},"loc":{"start":{"line":24,"column":79},"end":{"line":26,"column":1}},"line":24}},"branchMap":{},"s":{"0":1,"1":1,"2":1,"3":0,"4":1,"5":0,"6":1,"7":0,"8":1,"9":0,"10":1,"11":0,"12":1,"13":0,"14":1},"f":{"0":0,"1":0,"2":0,"3":0,"4":0,"5":0},"b":{},"_coverageSchema":"1a1c01bbd47fc00a2c39e90264f33305004495a9","hash":"19c45e5d4d6eee56a55c3a5f91fc11aca2db1031"}
,"D:\\project\\echoLift\\server\\Controller\\postController.js": {"path":"D:\\project\\echoLift\\server\\Controller\\postController.js","statementMap":{"0":{"start":{"line":1,"column":16},"end":{"line":1,"column":43}},"1":{"start":{"line":2,"column":23},"end":{"line":2,"column":25}},"2":{"start":{"line":4,"column":0},"end":{"line":6,"column":2}},"3":{"start":{"line":5,"column":4},"end":{"line":5,"column":39}},"4":{"start":{"line":8,"column":0},"end":{"line":10,"column":2}},"5":{"start":{"line":9,"column":4},"end":{"line":9,"column":36}},"6":{"start":{"line":12,"column":0},"end":{"line":14,"column":2}},"7":{"start":{"line":13,"column":4},"end":{"line":13,"column":39}},"8":{"start":{"line":16,"column":0},"end":{"line":18,"column":2}},"9":{"start":{"line":17,"column":4},"end":{"line":17,"column":39}},"10":{"start":{"line":20,"column":0},"end":{"line":22,"column":2}},"11":{"start":{"line":21,"column":4},"end":{"line":21,"column":45}},"12":{"start":{"line":24,"column":0},"end":{"line":26,"column":2}},"13":{"start":{"line":25,"column":4},"end":{"line":25,"column":48}},"14":{"start":{"line":28,"column":0},"end":{"line":30,"column":2}},"15":{"start":{"line":29,"column":4},"end":{"line":29,"column":41}},"16":{"start":{"line":32,"column":0},"end":{"line":34,"column":2}},"17":{"start":{"line":33,"column":4},"end":{"line":33,"column":43}},"18":{"start":{"line":36,"column":0},"end":{"line":38,"column":2}},"19":{"start":{"line":37,"column":4},"end":{"line":37,"column":47}},"20":{"start":{"line":40,"column":0},"end":{"line":40,"column":32}}},"fnMap":{"0":{"name":"(anonymous_0)","decl":{"start":{"line":4,"column":28},"end":{"line":4,"column":29}},"loc":{"start":{"line":4,"column":54},"end":{"line":6,"column":1}},"line":4},"1":{"name":"(anonymous_1)","decl":{"start":{"line":8,"column":25},"end":{"line":8,"column":26}},"loc":{"start":{"line":8,"column":51},"end":{"line":10,"column":1}},"line":8},"2":{"name":"(anonymous_2)","decl":{"start":{"line":12,"column":28},"end":{"line":12,"column":29}},"loc":{"start":{"line":12,"column":54},"end":{"line":14,"column":1}},"line":12},"3":{"name":"(anonymous_3)","decl":{"start":{"line":16,"column":28},"end":{"line":16,"column":29}},"loc":{"start":{"line":16,"column":54},"end":{"line":18,"column":1}},"line":16},"4":{"name":"(anonymous_4)","decl":{"start":{"line":20,"column":34},"end":{"line":20,"column":35}},"loc":{"start":{"line":20,"column":60},"end":{"line":22,"column":1}},"line":20},"5":{"name":"(anonymous_5)","decl":{"start":{"line":24,"column":37},"end":{"line":24,"column":38}},"loc":{"start":{"line":24,"column":63},"end":{"line":26,"column":1}},"line":24},"6":{"name":"(anonymous_6)","decl":{"start":{"line":28,"column":30},"end":{"line":28,"column":31}},"loc":{"start":{"line":28,"column":56},"end":{"line":30,"column":1}},"line":28},"7":{"name":"(anonymous_7)","decl":{"start":{"line":32,"column":32},"end":{"line":32,"column":33}},"loc":{"start":{"line":32,"column":58},"end":{"line":34,"column":1}},"line":32},"8":{"name":"(anonymous_8)","decl":{"start":{"line":36,"column":36},"end":{"line":36,"column":37}},"loc":{"start":{"line":36,"column":62},"end":{"line":38,"column":1}},"line":36}},"branchMap":{},"s":{"0":1,"1":1,"2":1,"3":0,"4":1,"5":0,"6":1,"7":0,"8":1,"9":0,"10":1,"11":0,"12":1,"13":0,"14":1,"15":0,"16":1,"17":0,"18":1,"19":0,"20":1},"f":{"0":0,"1":0,"2":0,"3":0,"4":0,"5":0,"6":0,"7":0,"8":0},"b":{},"_coverageSchema":"1a1c01bbd47fc00a2c39e90264f33305004495a9","hash":"4bb8e7e777b19749a6d6b9e43cab3bbc87213979"}
,"D:\\project\\echoLift\\server\\Controller\\searchController.js": {"path":"D:\\project\\echoLift\\server\\Controller\\searchController.js","statementMap":{"0":{"start":{"line":1,"column":18},"end":{"line":1,"column":47}},"1":{"start":{"line":2,"column":19},"end":{"line":2,"column":50}},"2":{"start":{"line":3,"column":25},"end":{"line":3,"column":27}},"3":{"start":{"line":5,"column":0},"end":{"line":7,"column":2}},"4":{"start":{"line":6,"column":4},"end":{"line":6,"column":37}},"5":{"start":{"line":9,"column":0},"end":{"line":11,"column":1}},"6":{"start":{"line":10,"column":4},"end":{"line":10,"column":48}},"7":{"start":{"line":13,"column":0},"end":{"line":15,"column":1}},"8":{"start":{"line":14,"column":4},"end":{"line":14,"column":50}},"9":{"start":{"line":17,"column":0},"end":{"line":17,"column":34}}},"fnMap":{"0":{"name":"(anonymous_0)","decl":{"start":{"line":5,"column":29},"end":{"line":5,"column":30}},"loc":{"start":{"line":5,"column":55},"end":{"line":7,"column":1}},"line":5},"1":{"name":"(anonymous_1)","decl":{"start":{"line":9,"column":37},"end":{"line":9,"column":38}},"loc":{"start":{"line":9,"column":63},"end":{"line":11,"column":1}},"line":9},"2":{"name":"(anonymous_2)","decl":{"start":{"line":13,"column":39},"end":{"line":13,"column":40}},"loc":{"start":{"line":13,"column":65},"end":{"line":15,"column":1}},"line":13}},"branchMap":{},"s":{"0":1,"1":1,"2":1,"3":1,"4":0,"5":1,"6":0,"7":1,"8":0,"9":1},"f":{"0":0,"1":0,"2":0},"b":{},"_coverageSchema":"1a1c01bbd47fc00a2c39e90264f33305004495a9","hash":"8383e0506f35b12a955dc3ca797bd3091dde0e04"}
,"D:\\project\\echoLift\\server\\Controller\\userController.js": {"path":"D:\\project\\echoLift\\server\\Controller\\userController.js","statementMap":{"0":{"start":{"line":1,"column":16},"end":{"line":1,"column":43}},"1":{"start":{"line":2,"column":13},"end":{"line":2,"column":44}},"2":{"start":{"line":3,"column":23},"end":{"line":3,"column":25}},"3":{"start":{"line":5,"column":0},"end":{"line":7,"column":2}},"4":{"start":{"line":6,"column":4},"end":{"line":6,"column":41}},"5":{"start":{"line":8,"column":0},"end":{"line":10,"column":2}},"6":{"start":{"line":9,"column":4},"end":{"line":9,"column":38}},"7":{"start":{"line":11,"column":0},"end":{"line":13,"column":2}},"8":{"start":{"line":12,"column":4},"end":{"line":12,"column":36}},"9":{"start":{"line":15,"column":0},"end":{"line":17,"column":2}},"10":{"start":{"line":16,"column":4},"end":{"line":16,"column":39}},"11":{"start":{"line":18,"column":0},"end":{"line":20,"column":2}},"12":{"start":{"line":19,"column":4},"end":{"line":19,"column":36}},"13":{"start":{"line":21,"column":0},"end":{"line":23,"column":2}},"14":{"start":{"line":22,"column":4},"end":{"line":22,"column":38}},"15":{"start":{"line":25,"column":0},"end":{"line":27,"column":2}},"16":{"start":{"line":26,"column":4},"end":{"line":26,"column":54}},"17":{"start":{"line":29,"column":0},"end":{"line":31,"column":2}},"18":{"start":{"line":30,"column":4},"end":{"line":30,"column":52}},"19":{"start":{"line":33,"column":0},"end":{"line":35,"column":2}},"20":{"start":{"line":34,"column":4},"end":{"line":34,"column":52}},"21":{"start":{"line":36,"column":0},"end":{"line":38,"column":2}},"22":{"start":{"line":37,"column":4},"end":{"line":37,"column":46}},"23":{"start":{"line":40,"column":0},"end":{"line":42,"column":2}},"24":{"start":{"line":41,"column":4},"end":{"line":41,"column":54}},"25":{"start":{"line":50,"column":0},"end":{"line":50,"column":32}}},"fnMap":{"0":{"name":"(anonymous_0)","decl":{"start":{"line":5,"column":26},"end":{"line":5,"column":27}},"loc":{"start":{"line":5,"column":52},"end":{"line":7,"column":1}},"line":5},"1":{"name":"(anonymous_1)","decl":{"start":{"line":8,"column":23},"end":{"line":8,"column":24}},"loc":{"start":{"line":8,"column":49},"end":{"line":10,"column":1}},"line":8},"2":{"name":"(anonymous_2)","decl":{"start":{"line":11,"column":25},"end":{"line":11,"column":26}},"loc":{"start":{"line":11,"column":51},"end":{"line":13,"column":1}},"line":11},"3":{"name":"(anonymous_3)","decl":{"start":{"line":15,"column":28},"end":{"line":15,"column":29}},"loc":{"start":{"line":15,"column":54},"end":{"line":17,"column":1}},"line":15},"4":{"name":"(anonymous_4)","decl":{"start":{"line":18,"column":25},"end":{"line":18,"column":26}},"loc":{"start":{"line":18,"column":51},"end":{"line":20,"column":1}},"line":18},"5":{"name":"(anonymous_5)","decl":{"start":{"line":21,"column":27},"end":{"line":21,"column":28}},"loc":{"start":{"line":21,"column":53},"end":{"line":23,"column":1}},"line":21},"6":{"name":"(anonymous_6)","decl":{"start":{"line":25,"column":39},"end":{"line":25,"column":40}},"loc":{"start":{"line":25,"column":65},"end":{"line":27,"column":1}},"line":25},"7":{"name":"(anonymous_7)","decl":{"start":{"line":29,"column":41},"end":{"line":29,"column":42}},"loc":{"start":{"line":29,"column":67},"end":{"line":31,"column":1}},"line":29},"8":{"name":"(anonymous_8)","decl":{"start":{"line":33,"column":37},"end":{"line":33,"column":38}},"loc":{"start":{
[...]
,"D:\\project\\echoLift\\server\\Models\\RecentSearch.js": {"path":"D:\\project\\echoLift\\server\\Models\\RecentSearch.js","statementMap":{"0":{"start":{"line":1,"column":17},"end":{"line":1,"column":36}},"1":{"start":{"line":3,"column":27},"end":{"line":17,"column":2}},"2":{"start":{"line":19,"column":0},"end":{"line":19,"column":68}}},"fnMap":{},"branchMap":{},"s":{"0":1,"1":1,"2":1},"f":{},"b":{},"_coverageSchema":"1a1c01bbd47fc00a2c39e90264f33305004495a9","hash":"fc19e25ef02986beb84afc5ef3eb1f1e75a0e8f8"}
,"D:\\project\\echoLift\\server\\Models\\userSchema.js": {"path":"D:\\project\\echoLift\\server\\Models\\userSchema.js","statementMap":{"0":{"start":{"line":1,"column":17},"end":{"line":1,"column":36}},"1":{"start":{"line":2,"column":15},"end":{"line":2,"column":34}},"2":{"start":{"line":3,"column":12},"end":{"line":3,"column":35}},"3":{"start":{"line":5,"column":19},"end":{"line":56,"column":1}},"4":{"start":{"line":59,"column":0},"end":{"line":63,"column":3}},"5":{"start":{"line":60,"column":4},"end":{"line":60,"column":52}},"6":{"start":{"line":60,"column":38},"end":{"line":60,"column":52}},"7":{"start":{"line":61,"column":4},"end":{"line":61,"column":57}},"8":{"start":{"line":62,"column":4},"end":{"line":62,"column":11}},"9":{"start":{"line":66,"column":0},"end":{"line":68,"column":2}},"10":{"start":{"line":67,"column":4},"end":{"line":67,"column":66}},"11":{"start":{"line":71,"column":0},"end":{"line":80,"column":2}},"12":{"start":{"line":72,"column":17},"end":{"line":72,"column":21}},"13":{"start":{"line":73,"column":20},"end":{"line":73,"column":65}},"14":{"start":{"line":74,"column":4},"end":{"line":74,"column":43}},"15":{"start":{"line":76,"column":18},"end":{"line":78,"column":6}},"16":{"start":{"line":79,"column":4},"end":{"line":79,"column":17}},"17":{"start":{"line":82,"column":13},"end":{"line":82,"column":47}},"18":{"start":{"line":83,"column":0},"end":{"line":83,"column":22}}},"fnMap":{"0":{"name":"(anonymous_0)","decl":{"start":{"line":59,"column":23},"end":{"line":59,"column":24}},"loc":{"start":{"line":59,"column":45},"end":{"line":63,"column":1}},"line":59},"1":{"name":"(anonymous_1)","decl":{"start":{"line":66,"column":37},"end":{"line":66,"column":38}},"loc":{"start":{"line":66,"column":72},"end":{"line":68,"column":1}},"line":66},"2":{"name":"(anonymous_2)","decl":{"start":{"line":71,"column":39},"end":{"line":71,"column":40}},"loc":{"start":{"line":71,"column":51},"end":{"line":80,"column":1}},"line":71}},"branchMap":{"0":{"loc":{"start":{"line":60,"column":4},"end":{"line":60,"column":52}},"type":"if","locations":[{"start":{"line":60,"column":4},"end":{"line":60,"column":52}},{"start":{},"end":{}}],"line":60}},"s":{"0":1,"1":1,"2":1,"3":1,"4":1,"5":1,"6":0,"7":1,"8":1,"9":1,"10":0,"11":1,"12":1,"13":1,"14":1,"15":1,"16":1,"17":1,"18":1},"f":{"0":1,"1":0,"2":1},"b":{"0":[0,1]},"_coverageSchema":"1a1c01bbd47fc00a2c39e90264f33305004495a9","hash":"71cf69281be0f88c86ae3ca63bf28d5b50cd4af4"}
,"D:\\project\\echoLift\\server\\Routes\\feedRoutes.js": {"path":"D:\\project\\echoLift\\server\\Routes\\feedRoutes.js","statementMap":{"0":{"start":{"line":1,"column":16},"end":{"line":1,"column":34}},"1":{"start":{"line":2,"column":18},"end":{"line":2,"column":46}},"2":{"start":{"line":3,"column":15},"end":{"line":3,"column":31}},"3":{"start":{"line":4,"column":23},"end":{"line":4,"column":62}},"4":{"start":{"line":7,"column":0},"end":{"line":10,"column":65}},"5":{"start":{"line":13,"column":0},"end":{"line":16,"column":68}},"6":{"start":{"line":18,"column":0},"end":{"line":18,"column":24}}},"fnMap":{},"branchMap":{},"s":{"0":1,"1":1,"2":1,"3":1,"4":1,"5":1,"6":1},"f":{},"b":{},"_coverageSchema":"1a1c01bbd47fc00a2c39e90264f33305004495a9","hash":"6f17677d0312a4abd12d81aff5055d6f5e72738c"}
,"D:\\project\\echoLift\\server\\Routes\\notifications.js": {"path":"D:\\project\\echoLift\\server\\Routes\\notifications.js","statementMap":{"0":{"start":{"line":1,"column":16},"end":{"line":1,"column":34}},"1":{"start":{"line":2,"column":15},"end":{"line":2,"column":31}},"2":{"start":{"line":3,"column":31},"end":{"line":3,"column":78}},"3":{"start":{"line":4,"column":23},"end":{"line":4,"column":62}},"4":{"start":{"line":6,"column":0},"end":{"line":6,"column":27}},"5":{"start":{"line":8,"column":0},"end":{"line":8,"column":57}},"6":{"start":{"line":9,"column":0},"end":{"line":9,"column":80}},"7":{"start":{"line":10,"column":0},"end":{"line":10,"column":66}},"8":{"start":{"line":11,"column":0},"end":{"line":11,"column":60}},"9":{"start":{"line":12,"column":0},"end":{"line":12,"column":65}},"10":{"start":{"line":13,"column":0},"end":{"line":13,"column":64}},"11":{"start":{"line":15,"column":0},"end":{"line":15,"column":24}}},"fnMap":{},"branchMap":{},"s":{"0":1,"1":1,"2":1,"3":1,"4":1,"5":1,"6":1,"7":1,"8":1,"9":1,"10":1,"11":1},"f":{},"b":{},"_coverageSchema":"1a1c01bbd47fc00a2c39e90264f33305004495a9","hash":"e66c5526d7ea3c49fe0db5b196caa12dd0a148b9"}
,"D:\\project\\echoLift\\server\\Routes\\postRoutes.js": {"path":"D:\\project\\echoLift\\server\\Routes\\postRoutes.js","statementMap":{"0":{"start":{"line":1,"column":16},"end":{"line":1,"column":34}},"1":{"start":{"line":2,"column":18},"end":{"line":2,"column":46}},"2":{"start":{"line":3,"column":23},"end":{"line":3,"column":62}},"3":{"start":{"line":4,"column":23},"end":{"line":4,"column":60}},"4":{"start":{"line":5,"column":23},"end":{"line":5,"column":62}},"5":{"start":{"line":6,"column":15},"end":{"line":6,"column":31}},"6":{"start":{"line":9,"column":0},"end":{"line":12,"column":46}},"7":{"start":{"line":15,"column":0},"end":{"line":15,"column":65}},"8":{"start":{"line":18,"column":0},"end":{"line":25,"column":46}},"9":{"start":{"line":28,"column":0},"end":{"line":28,"column":71}},"10":{"start":{"line":31,"column":0},"end":{"line":31,"column":81}},"11":{"start":{"line":34,"column":0},"end":{"line":34,"column":87}},"12":{"start":{"line":37,"column":0},"end":{"line":37,"column":80}},"13":{"start":{"line":40,"column":0},"end":{"line":40,"column":84}},"14":{"start":{"line":43,"column":0},"end":{"line":43,"column":88}},"15":{"start":{"line":45,"column":0},"end":{"line":45,"column":24}}},"fnMap":{},"branchMap":{},"s":{"0":1,"1":1,"2":1,"3":1,"4":1,"5":1,"6":1,"7":1,"8":1,"9":1,"10":1,"11":1,"12":1,"13":1,"14":1,"15":1},"f":{},"b":{},"_coverageSchema":"1a1c01bbd47fc00a2c39e90264f33305004495a9","hash":"5cbc3a8be0fce139ef4f6e4e49fe0a67248c9f5f"}
,"D:\\project\\echoLift\\server\\Routes\\profileRoutes.js": {"path":"D:\\project\\echoLift\\server\\Routes\\profileRoutes.js","statementMap":{"0":{"start":{"line":1,"column":16},"end":{"line":1,"column":34}},"1":{"start":{"line":2,"column":15},"end":{"line":2,"column":31}},"2":{"start":{"line":3,"column":26},"end":{"line":3,"column":56}},"3":{"start":{"line":4,"column":23},"end":{"line":4,"column":62}},"4":{"start":{"line":5,"column":15},"end":{"line":5,"column":32}},"5":{"start":{"line":6,"column":21},"end":{"line":6,"column":58}},"6":{"start":{"line":8,"column":16},"end":{"line":15,"column":2}},"7":{"start":{"line":10,"column":8},"end":{"line":10,"column":29}},"8":{"start":{"line":13,"column":8},"end":{"line":13,"column":55}},"9":{"start":{"line":16,"column":15},"end":{"line":16,"column":43}},"10":{"start":{"line":18,"column":0},"end":{"line":18,"column":27}},"11":{"start":{"line":21,"column":0},"end":{"line":21,"column":77}},"12":{"start":{"line":22,"column":0},"end":{"line":22,"column":58}},"13":{"start":{"line":23,"column":0},"end":{"line":23,"column":62}},"14":{"start":{"line":24,"column":0},"end":{"line":24,"column":116}},"15":{"start":{"line":26,"column":0},"end":{"line":26,"column":24}}},"fnMap":{"0":{"name":"(anonymous_0)","decl":{"start":{"line":9,"column":17},"end":{"line":9,"column":18}},"loc":{"start":{"line":9,"column":42},"end":{"line":11,"column":5}},"line":9},"1":{"name":"(anonymous_1)","decl":{"start":{"line":12,"column":14},"end":{"line":12,"column":15}},"loc":{"start":{"line":12,"column":39},"end":{"line":14,"column":5}},"line":12}},"branchMap":{},"s":{"0":1,"1":1,"2":1,"3":1,"4":1,"5":1,"6":1,"7":0,"8":0,"9":1,"10":1,"11":1,"12":1,"13":1,"14":1,"15":1},"f":{"0":0,"1":0},"b":{},"_coverageSchema":"1a1c01bbd47fc00a2c39e90264f33305004495a9","hash":"3310dd7007314101f79178c18cc9f07b40feaa6a"}
,"D:\\project\\echoLift\\server\\Routes\\searchRoutes.js": {"path":"D:\\project\\echoLift\\server\\Routes\\searchRoutes.js","statementMap":{"0":{"start":{"line":1,"column":16},"end":{"line":1,"column":34}},"1":{"start":{"line":2,"column":15},"end":{"line":2,"column":31}},"2":{"start":{"line":3,"column":25},"end":{"line":3,"column":66}},"3":{"start":{"line":4,"column":23},"end":{"line":4,"column":62}},"4":{"start":{"line":5,"column":0},"end":{"line":5,"column":27}},"5":{"start":{"line":7,"column":0},"end":{"line":7,"column":60}},"6":{"start":{"line":8,"column":0},"end":{"line":8,"column":74}},"7":{"start":{"line":9,"column":0},"end":{"line":9,"column":79}},"8":{"start":{"line":11,"column":0},"end":{"line":11,"column":24}}},"fnMap":{},"branchMap":{},"s":{"0":1,"1":1,"2":1,"3":1,"4":1,"5":1,"6":1,"7":1,"8":1},"f":{},"b":{},"_coverageSchema":"1a1c01bbd47fc00a2c39e90264f33305004495a9","hash":"47b74cc626d5e9be2eab0befbf33d01d0bc53891"}
,"D:\\project\\echoLift\\server\\Routes\\userRoutes.js": {"path":"D:\\project\\echoLift\\server\\Routes\\userRoutes.js","statementMap":{"0":{"start":{"line":1,"column":16},"end":{"line":1,"column":34}},"1":{"start":{"line":2,"column":15},"end":{"line":2,"column":31}},"2":{"start":{"line":3,"column":23},"end":{"line":3,"column":62}},"3":{"start":{"line":4,"column":21},"end":{"line":4,"column":58}},"4":{"start":{"line":5,"column":24},"end":{"line":5,"column":64}},"5":{"start":{"line":6,"column":22},"end":{"line":6,"column":60}},"6":{"start":{"line":7,"column":26},"end":{"line":7,"column":56}},"7":{"start":{"line":9,"column":0},"end":{"line":9,"column":67}},"8":{"start":{"line":10,"column":0},"end":{"line":10,"column":59}},"9":{"start":{"line":11,"column":0},"end":{"line":11,"column":56}},"10":{"start":{"line":12,"column":0},"end":{"line":12,"column":78}},"11":{"start":{"line":13,"column":0},"end":{"line":13,"column":80}},"12":{"start":{"line":14,"column":0},"end":{"line":14,"column":53}},"13":{"start":{"line":16,"column":0},"end":{"line":16,"column":78}},"14":{"start":{"line":17,"column":0},"end":{"line":17,"column":83}},"15":{"start":{"line":18,"column":0},"end":{"line":18,"column":74}},"16":{"start":{"line":19,"column":0},"end":{"line":19,"column":80}},"17":{"start":{"line":21,"column":0},"end":{"line":25,"column":3}},"18":{"start":{"line":22,"column":4},"end":{"line":24,"column":6}},"19":{"start":{"line":28,"column":0},"end":{"line":28,"column":73}},"20":{"start":{"line":31,"column":0},"end":{"line":31,"column":89}},"21":{"start":{"line":33,"column":0},"end":{"line":33,"column":24}}},"fnMap":{"0":{"name":"(anonymous_0)","decl":{"start":{"line":21,"column":39},"end":{"line":21,"column":40}},"loc":{"start":{"line":21,"column":53},"end":{"line":25,"column":1}},"line":21}},"branchMap":{},"s":{"0":1,"1":1,"2":1,"3":1,"4":1,"5":1,"6":1,"7":1,"8":1,"9":1,"10":1,"11":1,"12":1,"13":1,"14":1,"15":1,"16":1,"17":1,"18":0,"19":1,"20":1,"21":1},"f":{"0":0},"b":{},"_coverageSchema":"1a1c01bbd47fc00a2c39e90264f33305004495a9","hash":"23dbcb71d3cc5d6ea4f40030d867209c92231853"}
,"D:\\project\\echoLift\\server\\utils\\cookieHelper.js": {"path":"D:\\project\\echoLift\\server\\utils\\cookieHelper.js","statementMap":{"0":{"start":{"line":1,"column":15},"end":{"line":1,"column":32}},"1":{"start":{"line":4,"column":18},"end":{"line":14,"column":1}},"2":{"start":{"line":5,"column":26},"end":{"line":11,"column":5}},"3":{"start":{"line":13,"column":4},"end":{"line":13,"column":81}},"4":{"start":{"line":17,"column":18},"end":{"line":21,"column":1}},"5":{"start":{"line":18,"column":20},"end":{"line":18,"column":58}},"6":{"start":{"line":20,"column":4},"end":{"line":20,"column":25}},"7":{"start":{"line":23,"column":0},"end":{"line":23,"column":42}}},"fnMap":{"0":{"name":"(anonymous_0)","decl":{"start":{"line":4,"column":18},"end":{"line":4,"column":19}},"loc":{"start":{"line":4,"column":43},"end":{"line":14,"column":1}},"line":4},"1":{"name":"(anonymous_1)","decl":{"start":{"line":17,"column":18},"end":{"line":17,"column":19}},"loc":{"start":{"line":17,"column":27},"end":{"line":21,"column":1}},"line":17}},"branchMap":{"0":{"loc":{"start":{"line":18,"column":33},"end":{"line":18,"column":57}},"type":"binary-expr","locations":[{"start":{"line":18,"column":33},"end":{"line":18,"column":51}},{"start":{"line":18,"column":55},"end":{"line":18,"column":57}}],"line":18}},"s":{"0":1,"1":1,"2":0,"3":0,"4":1,"5":0,"6":0,"7":1},"f":{"0":0,"1":0},"b":{"0":[0,0]},"_coverageSchema":"1a1c01bbd47fc00a2c39e90264f33305004495a9","hash":"5ef1f189e1a5e498b982a0feedfac4383efbd028"}
,"D:\\project\\echoLift\\server\\utils\\generateUniqueId.js": {"path":"D:\\project\\echoLift\\server\\utils\\generateUniqueId.js","statementMap":{"0":{"start":{"line":1,"column":25},"end":{"line":14,"column":1}},"1":{"start":{"line":3,"column":20},"end":{"line":3,"column":48}},"2":{"start":{"line":4,"column":19},"end":{"line":4,"column":31}},"3":{"start":{"line":5,"column":17},"end":{"line":5,"column":19}},"4":{"start":{"line":6,"column":4},"end":{"line":8,"column":5}},"5":{"start":{"line":6,"column":17},"end":{"line":6,"column":18}},"6":{"start":{"line":7,"column":8},"end":{"line":7,"column":77}},"7":{"start":{"line":9,"column":4},"end":{"line":11,"column":5}},"8":{"start":{"line":9,"column":17},"end":{"line":9,"column":18}},"9":{"start":{"line":10,"column":8},"end":{"line":10,"column":75}},"10":{"start":{"line":12,"column":4},"end":{"line":12,"column":73}},"11":{"start":{"line":13,"column":4},"end":{"line":13,"column":18}},"12":{"start":{"line":16,"column":0},"end":{"line":16,"column":38}}},"fnMap":{"0":{"name":"(anonymous_0)","decl":{"start":{"line":1,"column":25},"end":{"line":1,"column":26}},"loc":{"start":{"line":1,"column":31},"end":{"line":14,"column":1}},"line":1}},"branchMap":{},"s":{"0":1,"1":0,"2":0,"3":0,"4":0,"5":0,"6":0,"7":0,"8":0,"9":0,"10":0,"11":0,"12":1},"f":{"0":0},"b":{},"_coverageSchema":"1a1c01bbd47fc00a2c39e90264f33305004495a9","hash":"d4966d936c36361ed81582eeac4c42a8c8e6d6a0"}
,"D:\\project\\echoLift\\server\\utils\\headerHelper.js": {"path":"D:\\project\\echoLift\\server\\utils\\headerHelper.js","statementMap":{"0":{"start":{"line":2,"column":18},"end":{"line":4,"column":1}},"1":{"start":{"line":3,"column":4},"end":{"line":3,"column":54}},"2":{"start":{"line":7,"column":18},"end":{"line":11,"column":1}},"3":{"start":{"line":8,"column":23},"end":{"line":8,"column":54}},"4":{"start":{"line":9,"column":18},"end":{"line":9,"column":42}},"5":{"start":{"line":10,"column":4},"end":{"line":10,"column":17}},"6":{"start":{"line":13,"column":0},"end":{"line":13,"column":42}}},"fnMap":{"0":{"name":"(anonymous_0)","decl":{"start":{"line":2,"column":18},"end":{"line":2,"column":19}},"loc":{"start":{"line":2,"column":34},"end":{"line":4,"column":1}},"line":2},"1":{"name":"(anonymous_1)","decl":{"start":{"line":7,"column":18},"end":{"line":7,"column":19}},"loc":{"start":{"line":7,"column":27},"end":{"line":11,"column":1}},"line":7}},"branchMap":{"0":{"loc":{"start":{"line":8,"column":23},"end":{"line":8,"column":54}},"type":"binary-expr","locations":[{"start":{"line":8,"column":23},"end":{"line":8,"column":48}},{"start":{"line":8,"column":52},"end":{"line":8,"column":54}}],"line":8}},"s":{"0":1,"1":0,"2":1,"3":0,"4":0,"5":0,"6":1},"f":{"0":0,"1":0},"b":{"0":[0,0]},"_coverageSchema":"1a1c01bbd47fc00a2c39e90264f33305004495a9","hash":"77e3a280b441cc11d5d6cb220941199eb49f5e92"}
,"D:\\project\\echoLift\\server\\utils\\otpGenerator.js": {"path":"D:\\project\\echoLift\\server\\utils\\otpGenerator.js","statementMap":{"0":{"start":{"line":1,"column":12},"end":{"line":1,"column":36}},"1":{"start":{"line":2,"column":21},"end":{"line":5,"column":1}},"2":{"start":{"line":3,"column":16},"end":{"line":3,"column":59}},"3":{"start":{"line":4,"column":4},"end":{"line":4,"column":26}},"4":{"start":{"line":6,"column":0},"end":{"line":6,"column":30}}},"fnMap":{"0":{"name":"(anonymous_0)","decl":{"start":{"line":2,"column":21},"end":{"line":2,"column":22}},"loc":{"start":{"line":2,"column":27},"end":{"line":5,"column":1}},"line":2}},"branchMap":{},"s":{"0":1,"1":1,"2":0,"3":0,"4":1},"f":{"0":0},"b":{},"_coverageSchema":"1a1c01bbd47fc00a2c39e90264f33305004495a9","hash":"7992397ea857358303aeabbc5e2e1f8310823690"}
,"D:\\project\\echoLift\\server\\utils\\sendOtpEmail.js": {"path":"D:\\project\\echoLift\\server\\utils\\sendOtpEmail.js","statementMap":{"0":{"start":{"line":1,"column":19},"end":{"line":1,"column":40}},"1":{"start":{"line":2,"column":21},"end":{"line":31,"column":1}},"2":{"start":{"line":3,"column":24},"end":{"line":13,"column":6}},"3":{"start":{"line":14,"column":4},"end":{"line":14,"column":27}},"4":{"start":{"line":17,"column":24},"end":{"line":22,"column":5}},"5":{"start":{"line":23,"column":4},"end":{"line":30,"column":7}},"6":{"start":{"line":24,"column":8},"end":{"line":29,"column":9}},"7":{"start":{"line":25,"column":12},"end":{"line":25,"column":31}},"8":{"start":{"line":28,"column":12},"end":{"line":28,"column":56}},"9":{"start":{"line":32,"column":0},"end":{"line":32,"column":30}}},"fnMap":{"0":{"name":"(anonymous_0)","decl":{"start":{"line":2,"column":21},"end":{"line":2,"column":22}},"loc":{"start":{"line":2,"column":43},"end":{"line":31,"column":1}},"line":2},"1":{"name":"(anonymous_1)","decl":{"start":{"line":23,"column":38},"end":{"line":23,"column":39}},"loc":{"start":{"line":23,"column":55},"end":{"line":30,"column":5}},"line":23}},"branchMap":{"0":{"loc":{"start":{"line":24,"column":8},"end":{"line":29,"column":9}},"type":"if","locations":[{"start":{"line":24,"column":8},"end":{"line":29,"column":9}},{"start":{"line":27,"column":13},"end":{"line":29,"column":9}}],"line":24}},"s":{"0":1,"1":1,"2":0,"3":0,"4":0,"5":0,"6":0,"7":0,"8":0,"9":1},"f":{"0":0,"1":0},"b":{"0":[0,0]},"_coverageSchema":"1a1c01bbd47fc00a2c39e90264f33305004495a9","hash":"e0648ada05cac59db51f21380ee8fd1022c800cd"}
}
